#
# There is insufficient memory for the Java Runtime Environment to continue.
# Native memory allocation (malloc) failed to allocate 164896 bytes for Chunk::new
# Possible reasons:
#   The system is out of physical RAM or swap space
#   The process is running with CompressedOops enabled, and the Java Heap may be blocking the growth of the native heap
# Possible solutions:
#   Reduce memory load on the system
#   Increase physical memory or swap space
#   Check if swap backing store is full
#   Decrease Java heap size (-Xmx/-Xms)
#   Decrease number of Java threads
#   Decrease Java thread stack sizes (-Xss)
#   Set larger code cache with -XX:ReservedCodeCacheSize=
#   JVM is running with Unscaled Compressed Oops mode in which the Java heap is
#     placed in the first 4GB address space. The Java Heap base address is the
#     maximum limit for the native heap growth. Please use -XX:HeapBaseMinAddress
#     to set the Java Heap base and to place the Java Heap above 4GB virtual address.
# This output file may be truncated or incomplete.
#
#  Out of Memory Error (arena.cpp:184), pid=6348, tid=6788
#
# JRE version: OpenJDK Runtime Environment Zulu19.32+15-CA (19.0.2+7) (build 19.0.2+7)
# Java VM: OpenJDK 64-Bit Server VM Zulu19.32+15-CA (19.0.2+7, mixed mode, sharing, tiered, compressed oops, compressed class ptrs, g1 gc, windows-amd64)
# No core dump will be written. Minidumps are not enabled by default on client versions of Windows
#

---------------  S U M M A R Y ------------

Command Line: -javaagent:C:\Program Files\JetBrains\IntelliJ IDEA Community Edition 2022.3.3\lib\idea_rt.jar=54080:C:\Program Files\JetBrains\IntelliJ IDEA Community Edition 2022.3.3\bin -Dfile.encoding=UTF-8 -Dsun.stdout.encoding=UTF-8 -Dsun.stderr.encoding=UTF-8 --module-path=C:\Users\HP\.m2\repository\org\openjfx\javafx-controls\19\javafx-controls-19-win.jar;C:\Users\HP\.m2\repository\org\openjfx\javafx-base\19\javafx-base-19-win.jar;C:\Users\HP\StudentInformationSystem\target\classes;C:\Users\HP\.m2\repository\org\openjfx\javafx-fxml\19\javafx-fxml-19-win.jar;C:\Users\HP\.m2\repository\org\openjfx\javafx-graphics\19\javafx-graphics-19-win.jar -Djdk.module.main=com.example.studentinformationsystem com.example.studentinformationsystem/com.example.studentinformationsystem.HelloApplication

Host: Intel(R) Core(TM) i5-6300U CPU @ 2.40GHz, 4 cores, 7G,  Windows 10 , 64 bit Build 19041 (10.0.19041.2913)
Time: Tue May 16 00:32:16 2023 E. Africa Standard Time elapsed time: 0.237337 seconds (0d 0h 0m 0s)

---------------  T H R E A D  ---------------

Current thread (0x000002537b4fafd0):  JavaThread "C2 CompilerThread1" daemon [_thread_in_native, id=6788, stack(0x000000c268800000,0x000000c268900000)]


Current CompileTask:
C2:    237  215       4       java.lang.StringLatin1::replace (198 bytes)

Stack: [0x000000c268800000,0x000000c268900000]
Native frames: (J=compiled Java code, j=interpreted, Vv=VM code, C=native code)
V  [jvm.dll+0x6eab2a]
V  [jvm.dll+0x8a4a20]
V  [jvm.dll+0x8a640e]
V  [jvm.dll+0x8a6ac3]
V  [jvm.dll+0x27c1ef]
V  [jvm.dll+0xc245f]
V  [jvm.dll+0xc27d5]
V  [jvm.dll+0x2f30df]
V  [jvm.dll+0x5eb37e]
V  [jvm.dll+0x24ec4e]
V  [jvm.dll+0x2476ac]
V  [jvm.dll+0x244b65]
V  [jvm.dll+0x1cf9a1]
V  [jvm.dll+0x254799]
V  [jvm.dll+0x2529a8]
V  [jvm.dll+0x854e98]
V  [jvm.dll+0x84ec7a]
V  [jvm.dll+0x6e981b]
C  [ucrtbase.dll+0x21bb2]
C  [KERNEL32.DLL+0x17614]
C  [ntdll.dll+0x526a1]


---------------  P R O C E S S  ---------------

Threads class SMR info:
_java_thread_list=0x000002537b4a5080, length=12, elements={
0x0000025357ee0810, 0x0000025377125de0, 0x0000025377126bd0, 0x000002537712c4d0,
0x000002537712d280, 0x000002537712fe40, 0x0000025377131050, 0x0000025377136aa0,
0x0000025377139c00, 0x000002537713d670, 0x000002537b46c7b0, 0x000002537b4fafd0
}

Java Threads: ( => current thread )
  0x0000025357ee0810 JavaThread "main" [_thread_in_Java, id=4716, stack(0x000000c267700000,0x000000c267800000)]
  0x0000025377125de0 JavaThread "Reference Handler" daemon [_thread_blocked, id=8044, stack(0x000000c267e00000,0x000000c267f00000)]
  0x0000025377126bd0 JavaThread "Finalizer" daemon [_thread_blocked, id=12012, stack(0x000000c267f00000,0x000000c268000000)]
  0x000002537712c4d0 JavaThread "Signal Dispatcher" daemon [_thread_blocked, id=12540, stack(0x000000c268000000,0x000000c268100000)]
  0x000002537712d280 JavaThread "Attach Listener" daemon [_thread_blocked, id=8232, stack(0x000000c268100000,0x000000c268200000)]
  0x000002537712fe40 JavaThread "Service Thread" daemon [_thread_blocked, id=12308, stack(0x000000c268200000,0x000000c268300000)]
  0x0000025377131050 JavaThread "Monitor Deflation Thread" daemon [_thread_blocked, id=11472, stack(0x000000c268300000,0x000000c268400000)]
  0x0000025377136aa0 JavaThread "C2 CompilerThread0" daemon [_thread_in_native, id=6728, stack(0x000000c268400000,0x000000c268500000)]
  0x0000025377139c00 JavaThread "C1 CompilerThread0" daemon [_thread_in_native, id=3820, stack(0x000000c268500000,0x000000c268600000)]
  0x000002537713d670 JavaThread "Sweeper thread" daemon [_thread_blocked, id=10016, stack(0x000000c268600000,0x000000c268700000)]
  0x000002537b46c7b0 JavaThread "Common-Cleaner" daemon [_thread_blocked, id=1588, stack(0x000000c268700000,0x000000c268800000)]
=>0x000002537b4fafd0 JavaThread "C2 CompilerThread1" daemon [_thread_in_native, id=6788, stack(0x000000c268800000,0x000000c268900000)]

Other Threads:
  0x0000025377109a40 VMThread "VM Thread" [stack: 0x000000c267d00000,0x000000c267e00000] [id=12076]
  0x0000025357f3c8e0 WorkerThread "GC Thread#0" [stack: 0x000000c267800000,0x000000c267900000] [id=1208]
  0x0000025357f4f4e0 ConcurrentGCThread "G1 Main Marker" [stack: 0x000000c267900000,0x000000c267a00000] [id=1192]
  0x0000025357f500b0 WorkerThread "G1 Conc#0" [stack: 0x000000c267a00000,0x000000c267b00000] [id=4476]
  0x0000025357fae700 ConcurrentGCThread "G1 Refine#0" [stack: 0x000000c267b00000,0x000000c267c00000] [id=6368]
  0x0000025376fc5420 ConcurrentGCThread "G1 Service" [stack: 0x000000c267c00000,0x000000c267d00000] [id=12972]

Threads with active compile tasks:
C2 CompilerThread0      299  203       4       jdk.internal.module.Checks::isJavaIdentifier (76 bytes)
C1 CompilerThread0      299  338       2       java.util.HashMap::putIfAbsent (13 bytes)
C2 CompilerThread1      299  215       4       java.lang.StringLatin1::replace (198 bytes)

VM state: not at safepoint (normal execution)

VM Mutex/Monitor currently owned by a thread: None

Heap address: 0x0000000081c00000, size: 2020 MB, Compressed Oops mode: 32-bit

CDS archive(s) mapped at: [0x0000000800000000-0x0000000800c40000-0x0000000800c40000), size 12845056, SharedBaseAddress: 0x0000000800000000, ArchiveRelocationMode: 0.
Compressed class space mapped at: 0x0000000801000000-0x0000000841000000, reserved size: 1073741824
Narrow klass base: 0x0000000800000000, Narrow klass shift: 0, Narrow klass range: 0x100000000

GC Precious Log:
 CardTable entry size: 512
 Card Set container configuration: InlinePtr #cards 5 size 8 Array Of Cards #cards 12 size 40 Howl #buckets 4 coarsen threshold 1843 Howl Bitmap #cards 512 size 80 coarsen threshold 460 Card regions per heap region 1 cards per card region 2048
 CPUs: 4 total, 4 available
 Memory: 8072M
 Large Page Support: Disabled
 NUMA Support: Disabled
 Compressed Oops: Enabled (32-bit)
 Heap Region Size: 1M
 Heap Min Capacity: 8M
 Heap Initial Capacity: 128M
 Heap Max Capacity: 2020M
 Pre-touch: Disabled
 Parallel Workers: 4
 Concurrent Workers: 1
 Concurrent Refinement Workers: 4
 Periodic GC: Disabled

Heap:
 garbage-first heap   total 131072K, used 5120K [0x0000000081c00000, 0x0000000100000000)
  region size 1024K, 7 young (7168K), 0 survivors (0K)
 Metaspace       used 733K, committed 896K, reserved 1114112K
  class space    used 55K, committed 128K, reserved 1048576K

Heap Regions: E=young(eden), S=young(survivor), O=old, HS=humongous(starts), HC=humongous(continues), CS=collection set, F=free, OA=open archive, CA=closed archive, TAMS=top-at-mark-start (previous, next)
|   0|0x0000000081c00000, 0x0000000081c00000, 0x0000000081d00000|  0%| F|  |TAMS 0x0000000081c00000, 0x0000000081c00000| Untracked 
|   1|0x0000000081d00000, 0x0000000081d00000, 0x0000000081e00000|  0%| F|  |TAMS 0x0000000081d00000, 0x0000000081d00000| Untracked 
|   2|0x0000000081e00000, 0x0000000081e00000, 0x0000000081f00000|  0%| F|  |TAMS 0x0000000081e00000, 0x0000000081e00000| Untracked 
|   3|0x0000000081f00000, 0x0000000081f00000, 0x0000000082000000|  0%| F|  |TAMS 0x0000000081f00000, 0x0000000081f00000| Untracked 
|   4|0x0000000082000000, 0x0000000082000000, 0x0000000082100000|  0%| F|  |TAMS 0x0000000082000000, 0x0000000082000000| Untracked 
|   5|0x0000000082100000, 0x0000000082100000, 0x0000000082200000|  0%| F|  |TAMS 0x0000000082100000, 0x0000000082100000| Untracked 
|   6|0x0000000082200000, 0x0000000082200000, 0x0000000082300000|  0%| F|  |TAMS 0x0000000082200000, 0x0000000082200000| Untracked 
|   7|0x0000000082300000, 0x0000000082300000, 0x0000000082400000|  0%| F|  |TAMS 0x0000000082300000, 0x0000000082300000| Untracked 
|   8|0x0000000082400000, 0x0000000082400000, 0x0000000082500000|  0%| F|  |TAMS 0x0000000082400000, 0x0000000082400000| Untracked 
|   9|0x0000000082500000, 0x0000000082500000, 0x0000000082600000|  0%| F|  |TAMS 0x0000000082500000, 0x0000000082500000| Untracked 
|  10|0x0000000082600000, 0x0000000082600000, 0x0000000082700000|  0%| F|  |TAMS 0x0000000082600000, 0x0000000082600000| Untracked 
|  11|0x0000000082700000, 0x0000000082700000, 0x0000000082800000|  0%| F|  |TAMS 0x0000000082700000, 0x0000000082700000| Untracked 
|  12|0x0000000082800000, 0x0000000082800000, 0x0000000082900000|  0%| F|  |TAMS 0x0000000082800000, 0x0000000082800000| Untracked 
|  13|0x0000000082900000, 0x0000000082900000, 0x0000000082a00000|  0%| F|  |TAMS 0x0000000082900000, 0x0000000082900000| Untracked 
|  14|0x0000000082a00000, 0x0000000082a00000, 0x0000000082b00000|  0%| F|  |TAMS 0x0000000082a00000, 0x0000000082a00000| Untracked 
|  15|0x0000000082b00000, 0x0000000082b00000, 0x0000000082c00000|  0%| F|  |TAMS 0x0000000082b00000, 0x0000000082b00000| Untracked 
|  16|0x0000000082c00000, 0x0000000082c00000, 0x0000000082d00000|  0%| F|  |TAMS 0x0000000082c00000, 0x0000000082c00000| Untracked 
|  17|0x0000000082d00000, 0x0000000082d00000, 0x0000000082e00000|  0%| F|  |TAMS 0x0000000082d00000, 0x0000000082d00000| Untracked 
|  18|0x0000000082e00000, 0x0000000082e00000, 0x0000000082f00000|  0%| F|  |TAMS 0x0000000082e00000, 0x0000000082e00000| Untracked 
|  19|0x0000000082f00000, 0x0000000082f00000, 0x0000000083000000|  0%| F|  |TAMS 0x0000000082f00000, 0x0000000082f00000| Untracked 
|  20|0x0000000083000000, 0x0000000083000000, 0x0000000083100000|  0%| F|  |TAMS 0x0000000083000000, 0x0000000083000000| Untracked 
|  21|0x0000000083100000, 0x0000000083100000, 0x0000000083200000|  0%| F|  |TAMS 0x0000000083100000, 0x0000000083100000| Untracked 
|  22|0x0000000083200000, 0x0000000083200000, 0x0000000083300000|  0%| F|  |TAMS 0x0000000083200000, 0x0000000083200000| Untracked 
|  23|0x0000000083300000, 0x0000000083300000, 0x0000000083400000|  0%| F|  |TAMS 0x0000000083300000, 0x0000000083300000| Untracked 
|  24|0x0000000083400000, 0x0000000083400000, 0x0000000083500000|  0%| F|  |TAMS 0x0000000083400000, 0x0000000083400000| Untracked 
|  25|0x0000000083500000, 0x0000000083500000, 0x0000000083600000|  0%| F|  |TAMS 0x0000000083500000, 0x0000000083500000| Untracked 
|  26|0x0000000083600000, 0x0000000083600000, 0x0000000083700000|  0%| F|  |TAMS 0x0000000083600000, 0x0000000083600000| Untracked 
|  27|0x0000000083700000, 0x0000000083700000, 0x0000000083800000|  0%| F|  |TAMS 0x0000000083700000, 0x0000000083700000| Untracked 
|  28|0x0000000083800000, 0x0000000083800000, 0x0000000083900000|  0%| F|  |TAMS 0x0000000083800000, 0x0000000083800000| Untracked 
|  29|0x0000000083900000, 0x0000000083900000, 0x0000000083a00000|  0%| F|  |TAMS 0x0000000083900000, 0x0000000083900000| Untracked 
|  30|0x0000000083a00000, 0x0000000083a00000, 0x0000000083b00000|  0%| F|  |TAMS 0x0000000083a00000, 0x0000000083a00000| Untracked 
|  31|0x0000000083b00000, 0x0000000083b00000, 0x0000000083c00000|  0%| F|  |TAMS 0x0000000083b00000, 0x0000000083b00000| Untracked 
|  32|0x0000000083c00000, 0x0000000083c00000, 0x0000000083d00000|  0%| F|  |TAMS 0x0000000083c00000, 0x0000000083c00000| Untracked 
|  33|0x0000000083d00000, 0x0000000083d00000, 0x0000000083e00000|  0%| F|  |TAMS 0x0000000083d00000, 0x0000000083d00000| Untracked 
|  34|0x0000000083e00000, 0x0000000083e00000, 0x0000000083f00000|  0%| F|  |TAMS 0x0000000083e00000, 0x0000000083e00000| Untracked 
|  35|0x0000000083f00000, 0x0000000083f00000, 0x0000000084000000|  0%| F|  |TAMS 0x0000000083f00000, 0x0000000083f00000| Untracked 
|  36|0x0000000084000000, 0x0000000084000000, 0x0000000084100000|  0%| F|  |TAMS 0x0000000084000000, 0x0000000084000000| Untracked 
|  37|0x0000000084100000, 0x0000000084100000, 0x0000000084200000|  0%| F|  |TAMS 0x0000000084100000, 0x0000000084100000| Untracked 
|  38|0x0000000084200000, 0x0000000084200000, 0x0000000084300000|  0%| F|  |TAMS 0x0000000084200000, 0x0000000084200000| Untracked 
|  39|0x0000000084300000, 0x0000000084300000, 0x0000000084400000|  0%| F|  |TAMS 0x0000000084300000, 0x0000000084300000| Untracked 
|  40|0x0000000084400000, 0x0000000084400000, 0x0000000084500000|  0%| F|  |TAMS 0x0000000084400000, 0x0000000084400000| Untracked 
|  41|0x0000000084500000, 0x0000000084500000, 0x0000000084600000|  0%| F|  |TAMS 0x0000000084500000, 0x0000000084500000| Untracked 
|  42|0x0000000084600000, 0x0000000084600000, 0x0000000084700000|  0%| F|  |TAMS 0x0000000084600000, 0x0000000084600000| Untracked 
|  43|0x0000000084700000, 0x0000000084700000, 0x0000000084800000|  0%| F|  |TAMS 0x0000000084700000, 0x0000000084700000| Untracked 
|  44|0x0000000084800000, 0x0000000084800000, 0x0000000084900000|  0%| F|  |TAMS 0x0000000084800000, 0x0000000084800000| Untracked 
|  45|0x0000000084900000, 0x0000000084900000, 0x0000000084a00000|  0%| F|  |TAMS 0x0000000084900000, 0x0000000084900000| Untracked 
|  46|0x0000000084a00000, 0x0000000084a00000, 0x0000000084b00000|  0%| F|  |TAMS 0x0000000084a00000, 0x0000000084a00000| Untracked 
|  47|0x0000000084b00000, 0x0000000084b00000, 0x0000000084c00000|  0%| F|  |TAMS 0x0000000084b00000, 0x0000000084b00000| Untracked 
|  48|0x0000000084c00000, 0x0000000084c00000, 0x0000000084d00000|  0%| F|  |TAMS 0x0000000084c00000, 0x0000000084c00000| Untracked 
|  49|0x0000000084d00000, 0x0000000084d00000, 0x0000000084e00000|  0%| F|  |TAMS 0x0000000084d00000, 0x0000000084d00000| Untracked 
|  50|0x0000000084e00000, 0x0000000084e00000, 0x0000000084f00000|  0%| F|  |TAMS 0x0000000084e00000, 0x0000000084e00000| Untracked 
|  51|0x0000000084f00000, 0x0000000084f00000, 0x0000000085000000|  0%| F|  |TAMS 0x0000000084f00000, 0x0000000084f00000| Untracked 
|  52|0x0000000085000000, 0x0000000085000000, 0x0000000085100000|  0%| F|  |TAMS 0x0000000085000000, 0x0000000085000000| Untracked 
|  53|0x0000000085100000, 0x0000000085100000, 0x0000000085200000|  0%| F|  |TAMS 0x0000000085100000, 0x0000000085100000| Untracked 
|  54|0x0000000085200000, 0x0000000085200000, 0x0000000085300000|  0%| F|  |TAMS 0x0000000085200000, 0x0000000085200000| Untracked 
|  55|0x0000000085300000, 0x0000000085300000, 0x0000000085400000|  0%| F|  |TAMS 0x0000000085300000, 0x0000000085300000| Untracked 
|  56|0x0000000085400000, 0x0000000085400000, 0x0000000085500000|  0%| F|  |TAMS 0x0000000085400000, 0x0000000085400000| Untracked 
|  57|0x0000000085500000, 0x0000000085500000, 0x0000000085600000|  0%| F|  |TAMS 0x0000000085500000, 0x0000000085500000| Untracked 
|  58|0x0000000085600000, 0x0000000085600000, 0x0000000085700000|  0%| F|  |TAMS 0x0000000085600000, 0x0000000085600000| Untracked 
|  59|0x0000000085700000, 0x0000000085700000, 0x0000000085800000|  0%| F|  |TAMS 0x0000000085700000, 0x0000000085700000| Untracked 
|  60|0x0000000085800000, 0x0000000085800000, 0x0000000085900000|  0%| F|  |TAMS 0x0000000085800000, 0x0000000085800000| Untracked 
|  61|0x0000000085900000, 0x0000000085900000, 0x0000000085a00000|  0%| F|  |TAMS 0x0000000085900000, 0x0000000085900000| Untracked 
|  62|0x0000000085a00000, 0x0000000085a00000, 0x0000000085b00000|  0%| F|  |TAMS 0x0000000085a00000, 0x0000000085a00000| Untracked 
|  63|0x0000000085b00000, 0x0000000085b00000, 0x0000000085c00000|  0%| F|  |TAMS 0x0000000085b00000, 0x0000000085b00000| Untracked 
|  64|0x0000000085c00000, 0x0000000085c00000, 0x0000000085d00000|  0%| F|  |TAMS 0x0000000085c00000, 0x0000000085c00000| Untracked 
|  65|0x0000000085d00000, 0x0000000085d00000, 0x0000000085e00000|  0%| F|  |TAMS 0x0000000085d00000, 0x0000000085d00000| Untracked 
|  66|0x0000000085e00000, 0x0000000085e00000, 0x0000000085f00000|  0%| F|  |TAMS 0x0000000085e00000, 0x0000000085e00000| Untracked 
|  67|0x0000000085f00000, 0x0000000085f00000, 0x0000000086000000|  0%| F|  |TAMS 0x0000000085f00000, 0x0000000085f00000| Untracked 
|  68|0x0000000086000000, 0x0000000086000000, 0x0000000086100000|  0%| F|  |TAMS 0x0000000086000000, 0x0000000086000000| Untracked 
|  69|0x0000000086100000, 0x0000000086100000, 0x0000000086200000|  0%| F|  |TAMS 0x0000000086100000, 0x0000000086100000| Untracked 
|  70|0x0000000086200000, 0x0000000086200000, 0x0000000086300000|  0%| F|  |TAMS 0x0000000086200000, 0x0000000086200000| Untracked 
|  71|0x0000000086300000, 0x0000000086300000, 0x0000000086400000|  0%| F|  |TAMS 0x0000000086300000, 0x0000000086300000| Untracked 
|  72|0x0000000086400000, 0x0000000086400000, 0x0000000086500000|  0%| F|  |TAMS 0x0000000086400000, 0x0000000086400000| Untracked 
|  73|0x0000000086500000, 0x0000000086500000, 0x0000000086600000|  0%| F|  |TAMS 0x0000000086500000, 0x0000000086500000| Untracked 
|  74|0x0000000086600000, 0x0000000086600000, 0x0000000086700000|  0%| F|  |TAMS 0x0000000086600000, 0x0000000086600000| Untracked 
|  75|0x0000000086700000, 0x0000000086700000, 0x0000000086800000|  0%| F|  |TAMS 0x0000000086700000, 0x0000000086700000| Untracked 
|  76|0x0000000086800000, 0x0000000086800000, 0x0000000086900000|  0%| F|  |TAMS 0x0000000086800000, 0x0000000086800000| Untracked 
|  77|0x0000000086900000, 0x0000000086900000, 0x0000000086a00000|  0%| F|  |TAMS 0x0000000086900000, 0x0000000086900000| Untracked 
|  78|0x0000000086a00000, 0x0000000086a00000, 0x0000000086b00000|  0%| F|  |TAMS 0x0000000086a00000, 0x0000000086a00000| Untracked 
|  79|0x0000000086b00000, 0x0000000086b00000, 0x0000000086c00000|  0%| F|  |TAMS 0x0000000086b00000, 0x0000000086b00000| Untracked 
|  80|0x0000000086c00000, 0x0000000086c00000, 0x0000000086d00000|  0%| F|  |TAMS 0x0000000086c00000, 0x0000000086c00000| Untracked 
|  81|0x0000000086d00000, 0x0000000086d00000, 0x0000000086e00000|  0%| F|  |TAMS 0x0000000086d00000, 0x0000000086d00000| Untracked 
|  82|0x0000000086e00000, 0x0000000086e00000, 0x0000000086f00000|  0%| F|  |TAMS 0x0000000086e00000, 0x0000000086e00000| Untracked 
|  83|0x0000000086f00000, 0x0000000086f00000, 0x0000000087000000|  0%| F|  |TAMS 0x0000000086f00000, 0x0000000086f00000| Untracked 
|  84|0x0000000087000000, 0x0000000087000000, 0x0000000087100000|  0%| F|  |TAMS 0x0000000087000000, 0x0000000087000000| Untracked 
|  85|0x0000000087100000, 0x0000000087100000, 0x0000000087200000|  0%| F|  |TAMS 0x0000000087100000, 0x0000000087100000| Untracked 
|  86|0x0000000087200000, 0x0000000087200000, 0x0000000087300000|  0%| F|  |TAMS 0x0000000087200000, 0x0000000087200000| Untracked 
|  87|0x0000000087300000, 0x0000000087300000, 0x0000000087400000|  0%| F|  |TAMS 0x0000000087300000, 0x0000000087300000| Untracked 
|  88|0x0000000087400000, 0x0000000087400000, 0x0000000087500000|  0%| F|  |TAMS 0x0000000087400000, 0x0000000087400000| Untracked 
|  89|0x0000000087500000, 0x0000000087500000, 0x0000000087600000|  0%| F|  |TAMS 0x0000000087500000, 0x0000000087500000| Untracked 
|  90|0x0000000087600000, 0x0000000087600000, 0x0000000087700000|  0%| F|  |TAMS 0x0000000087600000, 0x0000000087600000| Untracked 
|  91|0x0000000087700000, 0x0000000087700000, 0x0000000087800000|  0%| F|  |TAMS 0x0000000087700000, 0x0000000087700000| Untracked 
|  92|0x0000000087800000, 0x0000000087800000, 0x0000000087900000|  0%| F|  |TAMS 0x0000000087800000, 0x0000000087800000| Untracked 
|  93|0x0000000087900000, 0x0000000087900000, 0x0000000087a00000|  0%| F|  |TAMS 0x0000000087900000, 0x0000000087900000| Untracked 
|  94|0x0000000087a00000, 0x0000000087a00000, 0x0000000087b00000|  0%| F|  |TAMS 0x0000000087a00000, 0x0000000087a00000| Untracked 
|  95|0x0000000087b00000, 0x0000000087b00000, 0x0000000087c00000|  0%| F|  |TAMS 0x0000000087b00000, 0x0000000087b00000| Untracked 
|  96|0x0000000087c00000, 0x0000000087c00000, 0x0000000087d00000|  0%| F|  |TAMS 0x0000000087c00000, 0x0000000087c00000| Untracked 
|  97|0x0000000087d00000, 0x0000000087d00000, 0x0000000087e00000|  0%| F|  |TAMS 0x0000000087d00000, 0x0000000087d00000| Untracked 
|  98|0x0000000087e00000, 0x0000000087e00000, 0x0000000087f00000|  0%| F|  |TAMS 0x0000000087e00000, 0x0000000087e00000| Untracked 
|  99|0x0000000087f00000, 0x0000000087f00000, 0x0000000088000000|  0%| F|  |TAMS 0x0000000087f00000, 0x0000000087f00000| Untracked 
| 100|0x0000000088000000, 0x0000000088000000, 0x0000000088100000|  0%| F|  |TAMS 0x0000000088000000, 0x0000000088000000| Untracked 
| 101|0x0000000088100000, 0x0000000088100000, 0x0000000088200000|  0%| F|  |TAMS 0x0000000088100000, 0x0000000088100000| Untracked 
| 102|0x0000000088200000, 0x0000000088200000, 0x0000000088300000|  0%| F|  |TAMS 0x0000000088200000, 0x0000000088200000| Untracked 
| 103|0x0000000088300000, 0x0000000088300000, 0x0000000088400000|  0%| F|  |TAMS 0x0000000088300000, 0x0000000088300000| Untracked 
| 104|0x0000000088400000, 0x0000000088400000, 0x0000000088500000|  0%| F|  |TAMS 0x0000000088400000, 0x0000000088400000| Untracked 
| 105|0x0000000088500000, 0x0000000088500000, 0x0000000088600000|  0%| F|  |TAMS 0x0000000088500000, 0x0000000088500000| Untracked 
| 106|0x0000000088600000, 0x0000000088600000, 0x0000000088700000|  0%| F|  |TAMS 0x0000000088600000, 0x0000000088600000| Untracked 
| 107|0x0000000088700000, 0x0000000088700000, 0x0000000088800000|  0%| F|  |TAMS 0x0000000088700000, 0x0000000088700000| Untracked 
| 108|0x0000000088800000, 0x0000000088800000, 0x0000000088900000|  0%| F|  |TAMS 0x0000000088800000, 0x0000000088800000| Untracked 
| 109|0x0000000088900000, 0x0000000088900000, 0x0000000088a00000|  0%| F|  |TAMS 0x0000000088900000, 0x0000000088900000| Untracked 
| 110|0x0000000088a00000, 0x0000000088a00000, 0x0000000088b00000|  0%| F|  |TAMS 0x0000000088a00000, 0x0000000088a00000| Untracked 
| 111|0x0000000088b00000, 0x0000000088b00000, 0x0000000088c00000|  0%| F|  |TAMS 0x0000000088b00000, 0x0000000088b00000| Untracked 
| 112|0x0000000088c00000, 0x0000000088c00000, 0x0000000088d00000|  0%| F|  |TAMS 0x0000000088c00000, 0x0000000088c00000| Untracked 
| 113|0x0000000088d00000, 0x0000000088d00000, 0x0000000088e00000|  0%| F|  |TAMS 0x0000000088d00000, 0x0000000088d00000| Untracked 
| 114|0x0000000088e00000, 0x0000000088e00000, 0x0000000088f00000|  0%| F|  |TAMS 0x0000000088e00000, 0x0000000088e00000| Untracked 
| 115|0x0000000088f00000, 0x0000000088f00000, 0x0000000089000000|  0%| F|  |TAMS 0x0000000088f00000, 0x0000000088f00000| Untracked 
| 116|0x0000000089000000, 0x0000000089000000, 0x0000000089100000|  0%| F|  |TAMS 0x0000000089000000, 0x0000000089000000| Untracked 
| 117|0x0000000089100000, 0x0000000089100000, 0x0000000089200000|  0%| F|  |TAMS 0x0000000089100000, 0x0000000089100000| Untracked 
| 118|0x0000000089200000, 0x0000000089200000, 0x0000000089300000|  0%| F|  |TAMS 0x0000000089200000, 0x0000000089200000| Untracked 
| 119|0x0000000089300000, 0x0000000089300000, 0x0000000089400000|  0%| F|  |TAMS 0x0000000089300000, 0x0000000089300000| Untracked 
| 120|0x0000000089400000, 0x0000000089400000, 0x0000000089500000|  0%| F|  |TAMS 0x0000000089400000, 0x0000000089400000| Untracked 
| 121|0x0000000089500000, 0x0000000089585a48, 0x0000000089600000| 52%| E|  |TAMS 0x0000000089500000, 0x0000000089500000| Complete 
| 122|0x0000000089600000, 0x0000000089700000, 0x0000000089700000|100%| E|CS|TAMS 0x0000000089600000, 0x0000000089600000| Complete 
| 123|0x0000000089700000, 0x0000000089800000, 0x0000000089800000|100%| E|CS|TAMS 0x0000000089700000, 0x0000000089700000| Complete 
| 124|0x0000000089800000, 0x0000000089900000, 0x0000000089900000|100%| E|  |TAMS 0x0000000089800000, 0x0000000089800000| Complete 
| 125|0x0000000089900000, 0x0000000089a00000, 0x0000000089a00000|100%| E|CS|TAMS 0x0000000089900000, 0x0000000089900000| Complete 
| 126|0x0000000089a00000, 0x0000000089b00000, 0x0000000089b00000|100%| E|CS|TAMS 0x0000000089a00000, 0x0000000089a00000| Complete 
| 127|0x0000000089b00000, 0x0000000089c00000, 0x0000000089c00000|100%| E|CS|TAMS 0x0000000089b00000, 0x0000000089b00000| Complete 

Card table byte_map: [0x0000025370550000,0x0000025370950000] _byte_map_base: 0x0000025370142000

Marking Bits (Prev, Next): (CMBitMap*) 0x0000025357f3ef30, (CMBitMap*) 0x0000025357f3ef70
 Prev Bits: [0x0000025370d50000, 0x0000025372ce0000)
 Next Bits: [0x0000025372ce0000, 0x0000025374c70000)

Polling page: 0x00000253576b0000

Metaspace:

Usage:
  Non-class:    680.19 KB used.
      Class:     55.43 KB used.
       Both:    735.62 KB used.

Virtual space:
  Non-class space:       64.00 MB reserved,     768.00 KB (  1%) committed,  1 nodes.
      Class space:        1.00 GB reserved,     128.00 KB ( <1%) committed,  1 nodes.
             Both:        1.06 GB reserved,     896.00 KB ( <1%) committed. 

Chunk freelists:
   Non-Class:  3.99 MB
       Class:  3.75 MB
        Both:  7.74 MB

MaxMetaspaceSize: unlimited
CompressedClassSpaceSize: 1.00 GB
Initial GC threshold: 21.00 MB
Current GC threshold: 21.00 MB
CDS: on
MetaspaceReclaimPolicy: balanced
 - commit_granule_bytes: 65536.
 - commit_granule_words: 8192.
 - virtual_space_node_default_size: 8388608.
 - enlarge_chunks_in_place: 1.
 - new_chunks_are_fully_committed: 0.
 - uncommit_free_chunks: 1.
 - use_allocation_guard: 0.


Internal statistics:

num_allocs_failed_limit: 0.
num_arena_births: 10.
num_arena_deaths: 0.
num_vsnodes_births: 2.
num_vsnodes_deaths: 0.
num_space_committed: 14.
num_space_uncommitted: 0.
num_chunks_returned_to_freelist: 0.
num_chunks_taken_from_freelist: 11.
num_chunk_merges: 0.
num_chunk_splits: 7.
num_chunks_enlarged: 4.
num_inconsistent_stats: 0.

CodeHeap 'non-profiled nmethods': size=120000Kb used=71Kb max_used=71Kb free=119928Kb
 bounds [0x0000025368c20000, 0x0000025368e90000, 0x0000025370150000]
CodeHeap 'profiled nmethods': size=120000Kb used=465Kb max_used=465Kb free=119534Kb
 bounds [0x0000025361150000, 0x00000253613c0000, 0x0000025368680000]
CodeHeap 'non-nmethods': size=5760Kb used=1200Kb max_used=1205Kb free=4559Kb
 bounds [0x0000025368680000, 0x00000253688f0000, 0x0000025368c20000]
 total_blobs=734 nmethods=339 adapters=306
 compilation: enabled
              stopped_count=0, restarted_count=0
 full_count=0

Compilation events (20 events):
Event: 0.230 Thread 0x0000025377139c00  207       3       java.util.stream.AbstractPipeline::sequential (10 bytes)
Event: 0.230 Thread 0x0000025377139c00 nmethod 207 0x000002536119a010 code [0x000002536119a1a0, 0x000002536119a2b8]
Event: 0.230 Thread 0x0000025377139c00  208       3       java.util.stream.AbstractPipeline::close (48 bytes)
Event: 0.230 Thread 0x0000025377139c00 nmethod 208 0x000002536119a390 code [0x000002536119a540, 0x000002536119a7e8]
Event: 0.230 Thread 0x0000025377139c00  218       3       jdk.internal.module.ModulePath$$Lambda$48/0x800000058::apply (8 bytes)
Event: 0.231 Thread 0x0000025377139c00 nmethod 218 0x000002536119a910 code [0x000002536119ab20, 0x000002536119b238]
Event: 0.231 Thread 0x0000025377139c00  219       3       java.util.stream.ReferencePipeline$Head::forEach (26 bytes)
Event: 0.231 Thread 0x0000025377139c00 nmethod 219 0x000002536119b490 code [0x000002536119b680, 0x000002536119ba18]
Event: 0.231 Thread 0x0000025377139c00  220       3       java.util.stream.AbstractPipeline::sourceStageSpliterator (112 bytes)
Event: 0.232 Thread 0x0000025377139c00 nmethod 220 0x000002536119bb90 code [0x000002536119bda0, 0x000002536119c398]
Event: 0.232 Thread 0x0000025377139c00  212       3       java.lang.String::lastIndexOf (10 bytes)
Event: 0.232 Thread 0x0000025377139c00 nmethod 212 0x000002536119c590 code [0x000002536119c740, 0x000002536119c988]
Event: 0.232 Thread 0x0000025377139c00  213       3       java.lang.String::lastIndexOf (18 bytes)
Event: 0.232 Thread 0x0000025377139c00 nmethod 213 0x000002536119ca90 code [0x000002536119cc60, 0x000002536119cf28]
Event: 0.232 Thread 0x0000025377139c00  216       3       java.lang.String::lastIndexOf (104 bytes)
Event: 0.233 Thread 0x0000025377139c00 nmethod 216 0x000002536119d090 code [0x000002536119d2a0, 0x000002536119d808]
Event: 0.233 Thread 0x0000025377139c00  217       3       jdk.internal.module.Checks::isPackageName (5 bytes)
Event: 0.233 Thread 0x0000025377139c00 nmethod 217 0x000002536119da10 code [0x000002536119dbc0, 0x000002536119dcc8]
Event: 0.234 Thread 0x0000025377139c00  229       3       java.util.concurrent.ConcurrentHashMap::get (162 bytes)
Event: 0.235 Thread 0x0000025377139c00 nmethod 229 0x000002536119dd90 code [0x000002536119dfe0, 0x000002536119eac8]

GC Heap History (0 events):
No events

Dll operation events (5 events):
Event: 0.021 Loaded shared library C:\Program Files\Java\zulu19.32.15-ca-fx-jdk19.0.2-win_x64\bin\java.dll
Event: 0.045 Loaded shared library C:\Program Files\Java\zulu19.32.15-ca-fx-jdk19.0.2-win_x64\bin\jsvml.dll
Event: 0.161 Loaded shared library C:\Program Files\Java\zulu19.32.15-ca-fx-jdk19.0.2-win_x64\bin\net.dll
Event: 0.165 Loaded shared library C:\Program Files\Java\zulu19.32.15-ca-fx-jdk19.0.2-win_x64\bin\nio.dll
Event: 0.176 Loaded shared library C:\Program Files\Java\zulu19.32.15-ca-fx-jdk19.0.2-win_x64\bin\zip.dll

Deoptimization events (4 events):
Event: 0.226 Thread 0x0000025357ee0810 Uncommon trap: trap_request=0xffffff45 fr.pc=0x0000025368c2a6a4 relative=0x0000000000000084
Event: 0.226 Thread 0x0000025357ee0810 Uncommon trap: reason=unstable_if action=reinterpret pc=0x0000025368c2a6a4 method=java.lang.CharacterDataLatin1.isJavaIdentifierPart(I)Z @ 11 c2
Event: 0.226 Thread 0x0000025357ee0810 DEOPT PACKING pc=0x0000025368c2a6a4 sp=0x000000c2677fdc30
Event: 0.226 Thread 0x0000025357ee0810 DEOPT UNPACKING pc=0x00000253686e6da3 sp=0x000000c2677fdba8 mode 2

Classes loaded (14 events):
Event: 0.076 Loading class sun/nio/cs/UTF_8$Encoder
Event: 0.077 Loading class sun/nio/cs/UTF_8$Encoder done
Event: 0.181 Loading class jdk/internal/module/ModuleInfo
Event: 0.181 Loading class jdk/internal/module/ModuleInfo done
Event: 0.182 Loading class jdk/internal/module/ModuleInfo$CountingDataInput
Event: 0.182 Loading class jdk/internal/module/ModuleInfo$CountingDataInput done
Event: 0.182 Loading class jdk/internal/module/ModuleInfo$ConstantPool
Event: 0.182 Loading class jdk/internal/module/ModuleInfo$ConstantPool done
Event: 0.182 Loading class jdk/internal/module/ModuleInfo$ConstantPool$Entry
Event: 0.182 Loading class jdk/internal/module/ModuleInfo$ConstantPool$Entry done
Event: 0.182 Loading class jdk/internal/module/ModuleInfo$ConstantPool$IndexEntry
Event: 0.182 Loading class jdk/internal/module/ModuleInfo$ConstantPool$IndexEntry done
Event: 0.183 Loading class jdk/internal/module/ModuleInfo$ConstantPool$ValueEntry
Event: 0.183 Loading class jdk/internal/module/ModuleInfo$ConstantPool$ValueEntry done

Classes unloaded (0 events):
No events

Classes redefined (0 events):
No events

Internal exceptions (0 events):
No events

VM Operations (0 events):
No events

Events (12 events):
Event: 0.045 Thread 0x0000025357ee0810 Thread added: 0x0000025357ee0810
Event: 0.079 Thread 0x0000025377125de0 Thread added: 0x0000025377125de0
Event: 0.080 Thread 0x0000025377126bd0 Thread added: 0x0000025377126bd0
Event: 0.080 Thread 0x000002537712c4d0 Thread added: 0x000002537712c4d0
Event: 0.080 Thread 0x000002537712d280 Thread added: 0x000002537712d280
Event: 0.081 Thread 0x000002537712fe40 Thread added: 0x000002537712fe40
Event: 0.081 Thread 0x0000025377131050 Thread added: 0x0000025377131050
Event: 0.081 Thread 0x0000025377136aa0 Thread added: 0x0000025377136aa0
Event: 0.081 Thread 0x0000025377139c00 Thread added: 0x0000025377139c00
Event: 0.082 Thread 0x000002537713d670 Thread added: 0x000002537713d670
Event: 0.150 Thread 0x000002537b46c7b0 Thread added: 0x000002537b46c7b0
Event: 0.224 Thread 0x000002537b4fafd0 Thread added: 0x000002537b4fafd0


Dynamic libraries:
0x00007ff6de9f0000 - 0x00007ff6de9fe000 	C:\Program Files\Java\zulu19.32.15-ca-fx-jdk19.0.2-win_x64\bin\java.exe
0x00007fff10870000 - 0x00007fff10a68000 	C:\Windows\SYSTEM32\ntdll.dll
0x00007fff10590000 - 0x00007fff1064f000 	C:\Windows\System32\KERNEL32.DLL
0x00007fff0e260000 - 0x00007fff0e556000 	C:\Windows\System32\KERNELBASE.dll
0x00007fff0e560000 - 0x00007fff0e660000 	C:\Windows\System32\ucrtbase.dll
0x00007fff05c10000 - 0x00007fff05c27000 	C:\Program Files\Java\zulu19.32.15-ca-fx-jdk19.0.2-win_x64\bin\jli.dll
0x00007fff05960000 - 0x00007fff0597b000 	C:\Program Files\Java\zulu19.32.15-ca-fx-jdk19.0.2-win_x64\bin\VCRUNTIME140.dll
0x00007fff101f0000 - 0x00007fff1038d000 	C:\Windows\System32\USER32.dll
0x00007fff0e760000 - 0x00007fff0e782000 	C:\Windows\System32\win32u.dll
0x00007ffefa620000 - 0x00007ffefa8ba000 	C:\Windows\WinSxS\amd64_microsoft.windows.common-controls_6595b64144ccf1df_6.0.19041.1110_none_60b5254171f9507e\COMCTL32.dll
0x00007fff10800000 - 0x00007fff1082c000 	C:\Windows\System32\GDI32.dll
0x00007fff0f170000 - 0x00007fff0f20e000 	C:\Windows\System32\msvcrt.dll
0x00007fff0dfe0000 - 0x00007fff0e0f5000 	C:\Windows\System32\gdi32full.dll
0x00007fff0e7c0000 - 0x00007fff0e85d000 	C:\Windows\System32\msvcp_win.dll
0x00007fff10560000 - 0x00007fff10590000 	C:\Windows\System32\IMM32.DLL
0x00007fff05950000 - 0x00007fff0595c000 	C:\Program Files\Java\zulu19.32.15-ca-fx-jdk19.0.2-win_x64\bin\vcruntime140_1.dll
0x00007ffedecf0000 - 0x00007ffeded7d000 	C:\Program Files\Java\zulu19.32.15-ca-fx-jdk19.0.2-win_x64\bin\msvcp140.dll
0x00007ffeaee00000 - 0x00007ffeafb07000 	C:\Program Files\Java\zulu19.32.15-ca-fx-jdk19.0.2-win_x64\bin\server\jvm.dll
0x00007fff0f870000 - 0x00007fff0f91f000 	C:\Windows\System32\ADVAPI32.dll
0x00007fff10390000 - 0x00007fff1042c000 	C:\Windows\System32\sechost.dll
0x00007fff0f990000 - 0x00007fff0fab6000 	C:\Windows\System32\RPCRT4.dll
0x00007ffefcd90000 - 0x00007ffefcd99000 	C:\Windows\SYSTEM32\WSOCK32.dll
0x00007fff0f920000 - 0x00007fff0f98b000 	C:\Windows\System32\WS2_32.dll
0x00007ffeed9f0000 - 0x00007ffeeda17000 	C:\Windows\SYSTEM32\WINMM.dll
0x00007fff03240000 - 0x00007fff0324a000 	C:\Windows\SYSTEM32\VERSION.dll
0x00007fff0c790000 - 0x00007fff0c7a2000 	C:\Windows\SYSTEM32\kernel.appcore.dll
0x00007fff05940000 - 0x00007fff0594a000 	C:\Program Files\Java\zulu19.32.15-ca-fx-jdk19.0.2-win_x64\bin\jimage.dll
0x00007fff0bc90000 - 0x00007fff0be74000 	C:\Windows\SYSTEM32\DBGHELP.DLL
0x00007ffef5f20000 - 0x00007ffef5f54000 	C:\Windows\SYSTEM32\dbgcore.DLL
0x00007fff0df50000 - 0x00007fff0dfd2000 	C:\Windows\System32\bcryptPrimitives.dll
0x00007fff081f0000 - 0x00007fff081fe000 	C:\Program Files\Java\zulu19.32.15-ca-fx-jdk19.0.2-win_x64\bin\instrument.dll
0x00007ffedecc0000 - 0x00007ffedece6000 	C:\Program Files\Java\zulu19.32.15-ca-fx-jdk19.0.2-win_x64\bin\java.dll
0x00007ffedebe0000 - 0x00007ffedecb7000 	C:\Program Files\Java\zulu19.32.15-ca-fx-jdk19.0.2-win_x64\bin\jsvml.dll
0x00007fff0e950000 - 0x00007fff0f094000 	C:\Windows\System32\SHELL32.dll
0x00007fff0bff0000 - 0x00007fff0c783000 	C:\Windows\SYSTEM32\windows.storage.dll
0x00007fff0fd10000 - 0x00007fff10064000 	C:\Windows\System32\combase.dll
0x00007fff0d8d0000 - 0x00007fff0d8fe000 	C:\Windows\SYSTEM32\Wldp.dll
0x00007fff10450000 - 0x00007fff104fd000 	C:\Windows\System32\SHCORE.dll
0x00007fff0e8f0000 - 0x00007fff0e945000 	C:\Windows\System32\shlwapi.dll
0x00007fff0de90000 - 0x00007fff0deaf000 	C:\Windows\SYSTEM32\profapi.dll
0x00007ffed5150000 - 0x00007ffed5163000 	C:\Program Files\Java\zulu19.32.15-ca-fx-jdk19.0.2-win_x64\bin\net.dll
0x00007fff01440000 - 0x00007fff0154a000 	C:\Windows\SYSTEM32\WINHTTP.dll
0x00007fff0d630000 - 0x00007fff0d69a000 	C:\Windows\system32\mswsock.dll
0x00007ffed5130000 - 0x00007ffed5146000 	C:\Program Files\Java\zulu19.32.15-ca-fx-jdk19.0.2-win_x64\bin\nio.dll
0x00007ffed5110000 - 0x00007ffed5128000 	C:\Program Files\Java\zulu19.32.15-ca-fx-jdk19.0.2-win_x64\bin\zip.dll

dbghelp: loaded successfully - version: 4.0.5 - missing functions: none
symbol engine: initialized successfully - sym options: 0x614 - pdb path: .;C:\Program Files\Java\zulu19.32.15-ca-fx-jdk19.0.2-win_x64\bin;C:\Windows\SYSTEM32;C:\Windows\WinSxS\amd64_microsoft.windows.common-controls_6595b64144ccf1df_6.0.19041.1110_none_60b5254171f9507e;C:\Program Files\Java\zulu19.32.15-ca-fx-jdk19.0.2-win_x64\bin\server

VM Arguments:
jvm_args: -javaagent:C:\Program Files\JetBrains\IntelliJ IDEA Community Edition 2022.3.3\lib\idea_rt.jar=54080:C:\Program Files\JetBrains\IntelliJ IDEA Community Edition 2022.3.3\bin -Dfile.encoding=UTF-8 -Dsun.stdout.encoding=UTF-8 -Dsun.stderr.encoding=UTF-8 --module-path=C:\Users\HP\.m2\repository\org\openjfx\javafx-controls\19\javafx-controls-19-win.jar;C:\Users\HP\.m2\repository\org\openjfx\javafx-base\19\javafx-base-19-win.jar;C:\Users\HP\StudentInformationSystem\target\classes;C:\Users\HP\.m2\repository\org\openjfx\javafx-fxml\19\javafx-fxml-19-win.jar;C:\Users\HP\.m2\repository\org\openjfx\javafx-graphics\19\javafx-graphics-19-win.jar -Djdk.module.main=com.example.studentinformationsystem 
java_command: com.example.studentinformationsystem/com.example.studentinformationsystem.HelloApplication
java_class_path (initial): C:\Users\HP\.m2\repository\org\openjfx\javafx-controls\19\javafx-controls-19.jar;C:\Users\HP\.m2\repository\org\openjfx\javafx-graphics\19\javafx-graphics-19.jar;C:\Users\HP\.m2\repository\org\openjfx\javafx-base\19\javafx-base-19.jar;C:\Users\HP\.m2\repository\org\openjfx\javafx-fxml\19\javafx-fxml-19.jar;C:\Users\HP\Downloads\mysql-connector-j-8.0.33\mysql-connector-j-8.0.33.jar
Launcher Type: SUN_STANDARD

[Global flags]
     intx CICompilerCount                          = 3                                         {product} {ergonomic}
     uint ConcGCThreads                            = 1                                         {product} {ergonomic}
     uint G1ConcRefinementThreads                  = 4                                         {product} {ergonomic}
   size_t G1HeapRegionSize                         = 1048576                                   {product} {ergonomic}
    uintx GCDrainStackTargetSize                   = 64                                        {product} {ergonomic}
   size_t InitialHeapSize                          = 134217728                                 {product} {ergonomic}
   size_t MarkStackSize                            = 4194304                                   {product} {ergonomic}
   size_t MaxHeapSize                              = 2118123520                                {product} {ergonomic}
   size_t MaxNewSize                               = 1270874112                                {product} {ergonomic}
   size_t MinHeapDeltaBytes                        = 1048576                                   {product} {ergonomic}
   size_t MinHeapSize                              = 8388608                                   {product} {ergonomic}
    uintx NonNMethodCodeHeapSize                   = 5832780                                {pd product} {ergonomic}
    uintx NonProfiledCodeHeapSize                  = 122912730                              {pd product} {ergonomic}
    uintx ProfiledCodeHeapSize                     = 122912730                              {pd product} {ergonomic}
    uintx ReservedCodeCacheSize                    = 251658240                              {pd product} {ergonomic}
     bool SegmentedCodeCache                       = true                                      {product} {ergonomic}
   size_t SoftMaxHeapSize                          = 2118123520                             {manageable} {ergonomic}
     bool UseCompressedClassPointers               = true                           {product lp64_product} {ergonomic}
     bool UseCompressedOops                        = true                           {product lp64_product} {ergonomic}
     bool UseG1GC                                  = true                                      {product} {ergonomic}
     bool UseLargePagesIndividualAllocation        = false                                  {pd product} {ergonomic}

Logging:
Log output configuration:
 #0: stdout all=warning uptime,level,tags foldmultilines=false
 #1: stderr all=off uptime,level,tags foldmultilines=false

Environment Variables:
JAVA_HOME=C:\Program Files\Java\jdk-19\bin\bin
PATH=C:\Program Files\Git\cmd;C:\Program Files\Common Files\Oracle\Java\javapath;C:\Program Files\Java\jdk-19\bin;C:\Program Files\Python311;C:\Program Files\nodejs;C:\Program Files\Python311\Scripts;C:\Program Files\Java\javafx-sdk-19.0.2.1\bin;C:\Users\HP\SceneBuilder;C:\Program Files\PuTTY\;C:\Program Files\MySQL\MySQL Server 8.0\bin;C:\Users\HP\AppData\Local\Microsoft\WindowsApps;;C:\Users\HP\AppData\Local\Programs\Microsoft VS Code\bin;C:\Users\HP\AppData\Roaming\npm;C:\Program Files\JetBrains\PyCharm Community Edition 2022.3.2\bin;
USERNAME=HP
OS=Windows_NT
PROCESSOR_IDENTIFIER=Intel64 Family 6 Model 78 Stepping 3, GenuineIntel
TMP=C:\Users\HP\AppData\Local\Temp
TEMP=C:\Users\HP\AppData\Local\Temp



---------------  S Y S T E M  ---------------

OS:
 Windows 10 , 64 bit Build 19041 (10.0.19041.2913)
OS uptime: 0 days 4:44 hours

CPU: total 4 (initial active 4) (2 cores per cpu, 2 threads per core) family 6 model 78 stepping 3 microcode 0xcc, cx8, cmov, fxsr, ht, mmx, 3dnowpref, sse, sse2, sse3, ssse3, sse4.1, sse4.2, popcnt, lzcnt, tsc, tscinvbit, avx, avx2, aes, erms, clmul, bmi1, bmi2, rtm, adx, fma, vzeroupper, clflush, clflushopt, rdtscp

Memory: 4k page, system-wide physical 8072M (1312M free)
TotalPageFile size 8072M (AvailPageFile size 189M)
current process WorkingSet (physical memory assigned to process): 39M, peak: 39M
current process commit charge ("private bytes"): 205M, peak: 205M

vm_info: OpenJDK 64-Bit Server VM (19.0.2+7) for windows-amd64 JRE (19.0.2+7) (Zulu19.32+15-CA), built on Dec 28 2022 19:25:40 by "zulu_re" with MS VC++ 16.10 / 16.11 (VS2019)

END.
