#
# There is insufficient memory for the Java Runtime Environment to continue.
# Native memory allocation (malloc) failed to allocate 1509920 bytes for Chunk::new
# Possible reasons:
#   The system is out of physical RAM or swap space
#   The process is running with CompressedOops enabled, and the Java Heap may be blocking the growth of the native heap
# Possible solutions:
#   Reduce memory load on the system
#   Increase physical memory or swap space
#   Check if swap backing store is full
#   Decrease Java heap size (-Xmx/-Xms)
#   Decrease number of Java threads
#   Decrease Java thread stack sizes (-Xss)
#   Set larger code cache with -XX:ReservedCodeCacheSize=
#   JVM is running with Unscaled Compressed Oops mode in which the Java heap is
#     placed in the first 4GB address space. The Java Heap base address is the
#     maximum limit for the native heap growth. Please use -XX:HeapBaseMinAddress
#     to set the Java Heap base and to place the Java Heap above 4GB virtual address.
# This output file may be truncated or incomplete.
#
#  Out of Memory Error (arena.cpp:184), pid=800, tid=9480
#
# JRE version: OpenJDK Runtime Environment Zulu19.32+15-CA (19.0.2+7) (build 19.0.2+7)
# Java VM: OpenJDK 64-Bit Server VM Zulu19.32+15-CA (19.0.2+7, mixed mode, sharing, tiered, compressed oops, compressed class ptrs, g1 gc, windows-amd64)
# No core dump will be written. Minidumps are not enabled by default on client versions of Windows
#

---------------  S U M M A R Y ------------

Command Line: -javaagent:C:\Program Files\JetBrains\IntelliJ IDEA Community Edition 2022.3.3\lib\idea_rt.jar=59644:C:\Program Files\JetBrains\IntelliJ IDEA Community Edition 2022.3.3\bin -Dfile.encoding=UTF-8 -Dsun.stdout.encoding=UTF-8 -Dsun.stderr.encoding=UTF-8 --module-path=C:\Users\HP\.m2\repository\org\openjfx\javafx-graphics\19\javafx-graphics-19-win.jar;C:\Users\HP\.m2\repository\org\openjfx\javafx-base\19\javafx-base-19-win.jar;C:\Users\HP\.m2\repository\org\openjfx\javafx-fxml\19\javafx-fxml-19-win.jar;C:\Users\HP\Downloads\javamail1_4_7\javamail-1.4.7\mail.jar;C:\Users\HP\.m2\repository\org\openjfx\javafx-controls\19\javafx-controls-19-win.jar;C:\Users\HP\AP_TeamProject\StudentInformationSystem\target\classes -Djdk.module.main=com.example.studentinformationsystem com.example.studentinformationsystem/com.example.studentinformationsystem.Home

Host: Intel(R) Core(TM) i5-6300U CPU @ 2.40GHz, 4 cores, 7G,  Windows 10 , 64 bit Build 19041 (10.0.19041.2913)
Time: Tue Jun 13 12:11:18 2023 E. Africa Standard Time elapsed time: 2.694390 seconds (0d 0h 0m 2s)

---------------  T H R E A D  ---------------

Current thread (0x000001f33557ad90):  JavaThread "C2 CompilerThread0" daemon [_thread_in_native, id=9480, stack(0x000000b61f100000,0x000000b61f200000)]


Current CompileTask:
C2:   2694 1843       4       java.lang.invoke.MethodType::makeImpl (109 bytes)

Stack: [0x000000b61f100000,0x000000b61f200000]
Native frames: (J=compiled Java code, j=interpreted, Vv=VM code, C=native code)
V  [jvm.dll+0x6eab2a]
V  [jvm.dll+0x8a4a20]
V  [jvm.dll+0x8a640e]
V  [jvm.dll+0x8a6ac3]
V  [jvm.dll+0x27c1ef]
V  [jvm.dll+0xc245f]
V  [jvm.dll+0xc27d5]
V  [jvm.dll+0x3b80ab]
V  [jvm.dll+0x381701]
V  [jvm.dll+0x380b8a]
V  [jvm.dll+0x2458db]
V  [jvm.dll+0x244c71]
V  [jvm.dll+0x1cf9a1]
V  [jvm.dll+0x254799]
V  [jvm.dll+0x2529a8]
V  [jvm.dll+0x854e98]
V  [jvm.dll+0x84ec7a]
V  [jvm.dll+0x6e981b]
C  [ucrtbase.dll+0x21bb2]
C  [KERNEL32.DLL+0x17614]
C  [ntdll.dll+0x526a1]


---------------  P R O C E S S  ---------------

Threads class SMR info:
_java_thread_list=0x000001f33ef6e060, length=19, elements={
0x000001f31632d420, 0x000001f335570bb0, 0x000001f335571b40, 0x000001f335576390,
0x000001f335576ec0, 0x000001f335579800, 0x000001f33557a130, 0x000001f33557ad90,
0x000001f3355e6b30, 0x000001f3398181f0, 0x000001f335547b50, 0x000001f3399d3ff0,
0x000001f339ba00e0, 0x000001f339d2a600, 0x000001f339c231a0, 0x000001f339d77c40,
0x000001f339f8d9a0, 0x000001f339f8bf10, 0x000001f339f8d450
}

Java Threads: ( => current thread )
  0x000001f31632d420 JavaThread "main" [_thread_blocked, id=8140, stack(0x000000b61e400000,0x000000b61e500000)]
  0x000001f335570bb0 JavaThread "Reference Handler" daemon [_thread_blocked, id=3948, stack(0x000000b61eb00000,0x000000b61ec00000)]
  0x000001f335571b40 JavaThread "Finalizer" daemon [_thread_blocked, id=2424, stack(0x000000b61ec00000,0x000000b61ed00000)]
  0x000001f335576390 JavaThread "Signal Dispatcher" daemon [_thread_blocked, id=11620, stack(0x000000b61ed00000,0x000000b61ee00000)]
  0x000001f335576ec0 JavaThread "Attach Listener" daemon [_thread_blocked, id=4412, stack(0x000000b61ee00000,0x000000b61ef00000)]
  0x000001f335579800 JavaThread "Service Thread" daemon [_thread_blocked, id=9196, stack(0x000000b61ef00000,0x000000b61f000000)]
  0x000001f33557a130 JavaThread "Monitor Deflation Thread" daemon [_thread_blocked, id=7364, stack(0x000000b61f000000,0x000000b61f100000)]
=>0x000001f33557ad90 JavaThread "C2 CompilerThread0" daemon [_thread_in_native, id=9480, stack(0x000000b61f100000,0x000000b61f200000)]
  0x000001f3355e6b30 JavaThread "C1 CompilerThread0" daemon [_thread_blocked, id=8044, stack(0x000000b61f200000,0x000000b61f300000)]
  0x000001f3398181f0 JavaThread "Sweeper thread" daemon [_thread_blocked, id=5204, stack(0x000000b61f300000,0x000000b61f400000)]
  0x000001f335547b50 JavaThread "Common-Cleaner" daemon [_thread_blocked, id=3376, stack(0x000000b61f400000,0x000000b61f500000)]
  0x000001f3399d3ff0 JavaThread "Monitor Ctrl-Break" daemon [_thread_in_native, id=11988, stack(0x000000b61f600000,0x000000b61f700000)]
  0x000001f339ba00e0 JavaThread "Notification Thread" daemon [_thread_blocked, id=11428, stack(0x000000b61f700000,0x000000b61f800000)]
  0x000001f339d2a600 JavaThread "QuantumRenderer-0" daemon [_thread_blocked, id=3380, stack(0x000000b61f900000,0x000000b61fa00000)]
  0x000001f339c231a0 JavaThread "InvokeLaterDispatcher" daemon [_thread_blocked, id=10856, stack(0x000000b61fa00000,0x000000b61fb00000)]
  0x000001f339d77c40 JavaThread "JavaFX Application Thread" [_thread_in_native, id=11732, stack(0x000000b61fb00000,0x000000b61fc00000)]
  0x000001f339f8d9a0 JavaThread "Thread-1" daemon [_thread_in_native, id=7748, stack(0x000000b61fe00000,0x000000b61ff00000)]
  0x000001f339f8bf10 JavaThread "JavaFX-Launcher" [_thread_blocked, id=7880, stack(0x000000b61ff00000,0x000000b620000000)]
  0x000001f339f8d450 JavaThread "Prism Font Disposer" daemon [_thread_blocked, id=7104, stack(0x000000b620000000,0x000000b620100000)]

Other Threads:
  0x000001f335556860 VMThread "VM Thread" [stack: 0x000000b61ea00000,0x000000b61eb00000] [id=8180]
  0x000001f3399f75f0 WatcherThread "VM Periodic Task Thread" [stack: 0x000000b61f800000,0x000000b61f900000] [id=10012]
  0x000001f31638bba0 WorkerThread "GC Thread#0" [stack: 0x000000b61e500000,0x000000b61e600000] [id=11108]
  0x000001f33a079290 WorkerThread "GC Thread#1" [stack: 0x000000b620100000,0x000000b620200000] [id=4120]
  0x000001f33a066b00 WorkerThread "GC Thread#2" [stack: 0x000000b620200000,0x000000b620300000] [id=8820]
  0x000001f33a066dd0 WorkerThread "GC Thread#3" [stack: 0x000000b620300000,0x000000b620400000] [id=7552]
  0x000001f31639d790 ConcurrentGCThread "G1 Main Marker" [stack: 0x000000b61e600000,0x000000b61e700000] [id=5664]
  0x000001f31639f1d0 WorkerThread "G1 Conc#0" [stack: 0x000000b61e700000,0x000000b61e800000] [id=5160]
  0x000001f3163fda80 ConcurrentGCThread "G1 Refine#0" [stack: 0x000000b61e800000,0x000000b61e900000] [id=9432]
  0x000001f3163fe5c0 ConcurrentGCThread "G1 Service" [stack: 0x000000b61e900000,0x000000b61ea00000] [id=10444]

Threads with active compile tasks:
C2 CompilerThread0     3035 1843       4       java.lang.invoke.MethodType::makeImpl (109 bytes)
C1 CompilerThread0     3035 1958       3       java.util.concurrent.locks.ReentrantLock$NonfairSync::<init> (5 bytes)

VM state: not at safepoint (normal execution)

VM Mutex/Monitor currently owned by a thread: None

Heap address: 0x0000000081c00000, size: 2020 MB, Compressed Oops mode: 32-bit

CDS archive(s) mapped at: [0x0000000800000000-0x0000000800c40000-0x0000000800c40000), size 12845056, SharedBaseAddress: 0x0000000800000000, ArchiveRelocationMode: 0.
Compressed class space mapped at: 0x0000000801000000-0x0000000841000000, reserved size: 1073741824
Narrow klass base: 0x0000000800000000, Narrow klass shift: 0, Narrow klass range: 0x100000000

GC Precious Log:
 CardTable entry size: 512
 Card Set container configuration: InlinePtr #cards 5 size 8 Array Of Cards #cards 12 size 40 Howl #buckets 4 coarsen threshold 1843 Howl Bitmap #cards 512 size 80 coarsen threshold 460 Card regions per heap region 1 cards per card region 2048
 CPUs: 4 total, 4 available
 Memory: 8072M
 Large Page Support: Disabled
 NUMA Support: Disabled
 Compressed Oops: Enabled (32-bit)
 Heap Region Size: 1M
 Heap Min Capacity: 8M
 Heap Initial Capacity: 128M
 Heap Max Capacity: 2020M
 Pre-touch: Disabled
 Parallel Workers: 4
 Concurrent Workers: 1
 Concurrent Refinement Workers: 4
 Periodic GC: Disabled

Heap:
 garbage-first heap   total 131072K, used 22922K [0x0000000081c00000, 0x0000000100000000)
  region size 1024K, 18 young (18432K), 2 survivors (2048K)
 Metaspace       used 15502K, committed 15808K, reserved 1114112K
  class space    used 2423K, committed 2560K, reserved 1048576K

Heap Regions: E=young(eden), S=young(survivor), O=old, HS=humongous(starts), HC=humongous(continues), CS=collection set, F=free, OA=open archive, CA=closed archive, TAMS=top-at-mark-start (previous, next)
|   0|0x0000000081c00000, 0x0000000081d00000, 0x0000000081d00000|100%| O|  |TAMS 0x0000000081c00000, 0x0000000081c00000| Untracked 
|   1|0x0000000081d00000, 0x0000000081d62a00, 0x0000000081e00000| 38%| O|  |TAMS 0x0000000081d00000, 0x0000000081d00000| Untracked 
|   2|0x0000000081e00000, 0x0000000081f00000, 0x0000000081f00000|100%|HS|  |TAMS 0x0000000081e00000, 0x0000000081e00000| Complete 
|   3|0x0000000081f00000, 0x0000000082000000, 0x0000000082000000|100%|HC|  |TAMS 0x0000000081f00000, 0x0000000081f00000| Complete 
|   4|0x0000000082000000, 0x0000000082100000, 0x0000000082100000|100%|HS|  |TAMS 0x0000000082000000, 0x0000000082000000| Complete 
|   5|0x0000000082100000, 0x0000000082200000, 0x0000000082200000|100%|HS|  |TAMS 0x0000000082100000, 0x0000000082100000| Complete 
|   6|0x0000000082200000, 0x0000000082300000, 0x0000000082300000|100%|HC|  |TAMS 0x0000000082200000, 0x0000000082200000| Complete 
|   7|0x0000000082300000, 0x0000000082300000, 0x0000000082400000|  0%| F|  |TAMS 0x0000000082300000, 0x0000000082300000| Untracked 
|   8|0x0000000082400000, 0x0000000082400000, 0x0000000082500000|  0%| F|  |TAMS 0x0000000082400000, 0x0000000082400000| Untracked 
|   9|0x0000000082500000, 0x0000000082500000, 0x0000000082600000|  0%| F|  |TAMS 0x0000000082500000, 0x0000000082500000| Untracked 
|  10|0x0000000082600000, 0x0000000082600000, 0x0000000082700000|  0%| F|  |TAMS 0x0000000082600000, 0x0000000082600000| Untracked 
|  11|0x0000000082700000, 0x0000000082700000, 0x0000000082800000|  0%| F|  |TAMS 0x0000000082700000, 0x0000000082700000| Untracked 
|  12|0x0000000082800000, 0x0000000082800000, 0x0000000082900000|  0%| F|  |TAMS 0x0000000082800000, 0x0000000082800000| Untracked 
|  13|0x0000000082900000, 0x0000000082900000, 0x0000000082a00000|  0%| F|  |TAMS 0x0000000082900000, 0x0000000082900000| Untracked 
|  14|0x0000000082a00000, 0x0000000082a00000, 0x0000000082b00000|  0%| F|  |TAMS 0x0000000082a00000, 0x0000000082a00000| Untracked 
|  15|0x0000000082b00000, 0x0000000082b00000, 0x0000000082c00000|  0%| F|  |TAMS 0x0000000082b00000, 0x0000000082b00000| Untracked 
|  16|0x0000000082c00000, 0x0000000082c00000, 0x0000000082d00000|  0%| F|  |TAMS 0x0000000082c00000, 0x0000000082c00000| Untracked 
|  17|0x0000000082d00000, 0x0000000082d00000, 0x0000000082e00000|  0%| F|  |TAMS 0x0000000082d00000, 0x0000000082d00000| Untracked 
|  18|0x0000000082e00000, 0x0000000082e00000, 0x0000000082f00000|  0%| F|  |TAMS 0x0000000082e00000, 0x0000000082e00000| Untracked 
|  19|0x0000000082f00000, 0x0000000082f00000, 0x0000000083000000|  0%| F|  |TAMS 0x0000000082f00000, 0x0000000082f00000| Untracked 
|  20|0x0000000083000000, 0x0000000083000000, 0x0000000083100000|  0%| F|  |TAMS 0x0000000083000000, 0x0000000083000000| Untracked 
|  21|0x0000000083100000, 0x0000000083100000, 0x0000000083200000|  0%| F|  |TAMS 0x0000000083100000, 0x0000000083100000| Untracked 
|  22|0x0000000083200000, 0x0000000083200000, 0x0000000083300000|  0%| F|  |TAMS 0x0000000083200000, 0x0000000083200000| Untracked 
|  23|0x0000000083300000, 0x0000000083300000, 0x0000000083400000|  0%| F|  |TAMS 0x0000000083300000, 0x0000000083300000| Untracked 
|  24|0x0000000083400000, 0x0000000083400000, 0x0000000083500000|  0%| F|  |TAMS 0x0000000083400000, 0x0000000083400000| Untracked 
|  25|0x0000000083500000, 0x0000000083500000, 0x0000000083600000|  0%| F|  |TAMS 0x0000000083500000, 0x0000000083500000| Untracked 
|  26|0x0000000083600000, 0x0000000083600000, 0x0000000083700000|  0%| F|  |TAMS 0x0000000083600000, 0x0000000083600000| Untracked 
|  27|0x0000000083700000, 0x0000000083700000, 0x0000000083800000|  0%| F|  |TAMS 0x0000000083700000, 0x0000000083700000| Untracked 
|  28|0x0000000083800000, 0x0000000083800000, 0x0000000083900000|  0%| F|  |TAMS 0x0000000083800000, 0x0000000083800000| Untracked 
|  29|0x0000000083900000, 0x0000000083900000, 0x0000000083a00000|  0%| F|  |TAMS 0x0000000083900000, 0x0000000083900000| Untracked 
|  30|0x0000000083a00000, 0x0000000083a00000, 0x0000000083b00000|  0%| F|  |TAMS 0x0000000083a00000, 0x0000000083a00000| Untracked 
|  31|0x0000000083b00000, 0x0000000083b00000, 0x0000000083c00000|  0%| F|  |TAMS 0x0000000083b00000, 0x0000000083b00000| Untracked 
|  32|0x0000000083c00000, 0x0000000083c00000, 0x0000000083d00000|  0%| F|  |TAMS 0x0000000083c00000, 0x0000000083c00000| Untracked 
|  33|0x0000000083d00000, 0x0000000083d00000, 0x0000000083e00000|  0%| F|  |TAMS 0x0000000083d00000, 0x0000000083d00000| Untracked 
|  34|0x0000000083e00000, 0x0000000083e00000, 0x0000000083f00000|  0%| F|  |TAMS 0x0000000083e00000, 0x0000000083e00000| Untracked 
|  35|0x0000000083f00000, 0x0000000083f00000, 0x0000000084000000|  0%| F|  |TAMS 0x0000000083f00000, 0x0000000083f00000| Untracked 
|  36|0x0000000084000000, 0x0000000084000000, 0x0000000084100000|  0%| F|  |TAMS 0x0000000084000000, 0x0000000084000000| Untracked 
|  37|0x0000000084100000, 0x0000000084100000, 0x0000000084200000|  0%| F|  |TAMS 0x0000000084100000, 0x0000000084100000| Untracked 
|  38|0x0000000084200000, 0x0000000084200000, 0x0000000084300000|  0%| F|  |TAMS 0x0000000084200000, 0x0000000084200000| Untracked 
|  39|0x0000000084300000, 0x0000000084300000, 0x0000000084400000|  0%| F|  |TAMS 0x0000000084300000, 0x0000000084300000| Untracked 
|  40|0x0000000084400000, 0x0000000084400000, 0x0000000084500000|  0%| F|  |TAMS 0x0000000084400000, 0x0000000084400000| Untracked 
|  41|0x0000000084500000, 0x0000000084500000, 0x0000000084600000|  0%| F|  |TAMS 0x0000000084500000, 0x0000000084500000| Untracked 
|  42|0x0000000084600000, 0x0000000084600000, 0x0000000084700000|  0%| F|  |TAMS 0x0000000084600000, 0x0000000084600000| Untracked 
|  43|0x0000000084700000, 0x0000000084700000, 0x0000000084800000|  0%| F|  |TAMS 0x0000000084700000, 0x0000000084700000| Untracked 
|  44|0x0000000084800000, 0x0000000084800000, 0x0000000084900000|  0%| F|  |TAMS 0x0000000084800000, 0x0000000084800000| Untracked 
|  45|0x0000000084900000, 0x0000000084900000, 0x0000000084a00000|  0%| F|  |TAMS 0x0000000084900000, 0x0000000084900000| Untracked 
|  46|0x0000000084a00000, 0x0000000084a00000, 0x0000000084b00000|  0%| F|  |TAMS 0x0000000084a00000, 0x0000000084a00000| Untracked 
|  47|0x0000000084b00000, 0x0000000084b00000, 0x0000000084c00000|  0%| F|  |TAMS 0x0000000084b00000, 0x0000000084b00000| Untracked 
|  48|0x0000000084c00000, 0x0000000084c00000, 0x0000000084d00000|  0%| F|  |TAMS 0x0000000084c00000, 0x0000000084c00000| Untracked 
|  49|0x0000000084d00000, 0x0000000084d00000, 0x0000000084e00000|  0%| F|  |TAMS 0x0000000084d00000, 0x0000000084d00000| Untracked 
|  50|0x0000000084e00000, 0x0000000084e00000, 0x0000000084f00000|  0%| F|  |TAMS 0x0000000084e00000, 0x0000000084e00000| Untracked 
|  51|0x0000000084f00000, 0x0000000084f00000, 0x0000000085000000|  0%| F|  |TAMS 0x0000000084f00000, 0x0000000084f00000| Untracked 
|  52|0x0000000085000000, 0x0000000085000000, 0x0000000085100000|  0%| F|  |TAMS 0x0000000085000000, 0x0000000085000000| Untracked 
|  53|0x0000000085100000, 0x0000000085100000, 0x0000000085200000|  0%| F|  |TAMS 0x0000000085100000, 0x0000000085100000| Untracked 
|  54|0x0000000085200000, 0x0000000085200000, 0x0000000085300000|  0%| F|  |TAMS 0x0000000085200000, 0x0000000085200000| Untracked 
|  55|0x0000000085300000, 0x0000000085300000, 0x0000000085400000|  0%| F|  |TAMS 0x0000000085300000, 0x0000000085300000| Untracked 
|  56|0x0000000085400000, 0x0000000085400000, 0x0000000085500000|  0%| F|  |TAMS 0x0000000085400000, 0x0000000085400000| Untracked 
|  57|0x0000000085500000, 0x0000000085500000, 0x0000000085600000|  0%| F|  |TAMS 0x0000000085500000, 0x0000000085500000| Untracked 
|  58|0x0000000085600000, 0x0000000085600000, 0x0000000085700000|  0%| F|  |TAMS 0x0000000085600000, 0x0000000085600000| Untracked 
|  59|0x0000000085700000, 0x0000000085700000, 0x0000000085800000|  0%| F|  |TAMS 0x0000000085700000, 0x0000000085700000| Untracked 
|  60|0x0000000085800000, 0x0000000085800000, 0x0000000085900000|  0%| F|  |TAMS 0x0000000085800000, 0x0000000085800000| Untracked 
|  61|0x0000000085900000, 0x0000000085900000, 0x0000000085a00000|  0%| F|  |TAMS 0x0000000085900000, 0x0000000085900000| Untracked 
|  62|0x0000000085a00000, 0x0000000085a00000, 0x0000000085b00000|  0%| F|  |TAMS 0x0000000085a00000, 0x0000000085a00000| Untracked 
|  63|0x0000000085b00000, 0x0000000085b00000, 0x0000000085c00000|  0%| F|  |TAMS 0x0000000085b00000, 0x0000000085b00000| Untracked 
|  64|0x0000000085c00000, 0x0000000085c00000, 0x0000000085d00000|  0%| F|  |TAMS 0x0000000085c00000, 0x0000000085c00000| Untracked 
|  65|0x0000000085d00000, 0x0000000085d00000, 0x0000000085e00000|  0%| F|  |TAMS 0x0000000085d00000, 0x0000000085d00000| Untracked 
|  66|0x0000000085e00000, 0x0000000085e00000, 0x0000000085f00000|  0%| F|  |TAMS 0x0000000085e00000, 0x0000000085e00000| Untracked 
|  67|0x0000000085f00000, 0x0000000085f00000, 0x0000000086000000|  0%| F|  |TAMS 0x0000000085f00000, 0x0000000085f00000| Untracked 
|  68|0x0000000086000000, 0x0000000086000000, 0x0000000086100000|  0%| F|  |TAMS 0x0000000086000000, 0x0000000086000000| Untracked 
|  69|0x0000000086100000, 0x0000000086100000, 0x0000000086200000|  0%| F|  |TAMS 0x0000000086100000, 0x0000000086100000| Untracked 
|  70|0x0000000086200000, 0x0000000086200000, 0x0000000086300000|  0%| F|  |TAMS 0x0000000086200000, 0x0000000086200000| Untracked 
|  71|0x0000000086300000, 0x0000000086300000, 0x0000000086400000|  0%| F|  |TAMS 0x0000000086300000, 0x0000000086300000| Untracked 
|  72|0x0000000086400000, 0x0000000086400000, 0x0000000086500000|  0%| F|  |TAMS 0x0000000086400000, 0x0000000086400000| Untracked 
|  73|0x0000000086500000, 0x0000000086500000, 0x0000000086600000|  0%| F|  |TAMS 0x0000000086500000, 0x0000000086500000| Untracked 
|  74|0x0000000086600000, 0x0000000086600000, 0x0000000086700000|  0%| F|  |TAMS 0x0000000086600000, 0x0000000086600000| Untracked 
|  75|0x0000000086700000, 0x0000000086700000, 0x0000000086800000|  0%| F|  |TAMS 0x0000000086700000, 0x0000000086700000| Untracked 
|  76|0x0000000086800000, 0x0000000086800000, 0x0000000086900000|  0%| F|  |TAMS 0x0000000086800000, 0x0000000086800000| Untracked 
|  77|0x0000000086900000, 0x0000000086900000, 0x0000000086a00000|  0%| F|  |TAMS 0x0000000086900000, 0x0000000086900000| Untracked 
|  78|0x0000000086a00000, 0x0000000086a00000, 0x0000000086b00000|  0%| F|  |TAMS 0x0000000086a00000, 0x0000000086a00000| Untracked 
|  79|0x0000000086b00000, 0x0000000086b00000, 0x0000000086c00000|  0%| F|  |TAMS 0x0000000086b00000, 0x0000000086b00000| Untracked 
|  80|0x0000000086c00000, 0x0000000086c00000, 0x0000000086d00000|  0%| F|  |TAMS 0x0000000086c00000, 0x0000000086c00000| Untracked 
|  81|0x0000000086d00000, 0x0000000086d00000, 0x0000000086e00000|  0%| F|  |TAMS 0x0000000086d00000, 0x0000000086d00000| Untracked 
|  82|0x0000000086e00000, 0x0000000086e00000, 0x0000000086f00000|  0%| F|  |TAMS 0x0000000086e00000, 0x0000000086e00000| Untracked 
|  83|0x0000000086f00000, 0x0000000086f00000, 0x0000000087000000|  0%| F|  |TAMS 0x0000000086f00000, 0x0000000086f00000| Untracked 
|  84|0x0000000087000000, 0x0000000087000000, 0x0000000087100000|  0%| F|  |TAMS 0x0000000087000000, 0x0000000087000000| Untracked 
|  85|0x0000000087100000, 0x0000000087100000, 0x0000000087200000|  0%| F|  |TAMS 0x0000000087100000, 0x0000000087100000| Untracked 
|  86|0x0000000087200000, 0x0000000087200000, 0x0000000087300000|  0%| F|  |TAMS 0x0000000087200000, 0x0000000087200000| Untracked 
|  87|0x0000000087300000, 0x0000000087300000, 0x0000000087400000|  0%| F|  |TAMS 0x0000000087300000, 0x0000000087300000| Untracked 
|  88|0x0000000087400000, 0x0000000087400000, 0x0000000087500000|  0%| F|  |TAMS 0x0000000087400000, 0x0000000087400000| Untracked 
|  89|0x0000000087500000, 0x0000000087500000, 0x0000000087600000|  0%| F|  |TAMS 0x0000000087500000, 0x0000000087500000| Untracked 
|  90|0x0000000087600000, 0x0000000087600000, 0x0000000087700000|  0%| F|  |TAMS 0x0000000087600000, 0x0000000087600000| Untracked 
|  91|0x0000000087700000, 0x0000000087700000, 0x0000000087800000|  0%| F|  |TAMS 0x0000000087700000, 0x0000000087700000| Untracked 
|  92|0x0000000087800000, 0x0000000087800000, 0x0000000087900000|  0%| F|  |TAMS 0x0000000087800000, 0x0000000087800000| Untracked 
|  93|0x0000000087900000, 0x0000000087900000, 0x0000000087a00000|  0%| F|  |TAMS 0x0000000087900000, 0x0000000087900000| Untracked 
|  94|0x0000000087a00000, 0x0000000087a00000, 0x0000000087b00000|  0%| F|  |TAMS 0x0000000087a00000, 0x0000000087a00000| Untracked 
|  95|0x0000000087b00000, 0x0000000087b00000, 0x0000000087c00000|  0%| F|  |TAMS 0x0000000087b00000, 0x0000000087b00000| Untracked 
|  96|0x0000000087c00000, 0x0000000087c00000, 0x0000000087d00000|  0%| F|  |TAMS 0x0000000087c00000, 0x0000000087c00000| Untracked 
|  97|0x0000000087d00000, 0x0000000087d00000, 0x0000000087e00000|  0%| F|  |TAMS 0x0000000087d00000, 0x0000000087d00000| Untracked 
|  98|0x0000000087e00000, 0x0000000087e00000, 0x0000000087f00000|  0%| F|  |TAMS 0x0000000087e00000, 0x0000000087e00000| Untracked 
|  99|0x0000000087f00000, 0x0000000087f00000, 0x0000000088000000|  0%| F|  |TAMS 0x0000000087f00000, 0x0000000087f00000| Untracked 
| 100|0x0000000088000000, 0x0000000088000000, 0x0000000088100000|  0%| F|  |TAMS 0x0000000088000000, 0x0000000088000000| Untracked 
| 101|0x0000000088100000, 0x0000000088100000, 0x0000000088200000|  0%| F|  |TAMS 0x0000000088100000, 0x0000000088100000| Untracked 
| 102|0x0000000088200000, 0x0000000088200000, 0x0000000088300000|  0%| F|  |TAMS 0x0000000088200000, 0x0000000088200000| Untracked 
| 103|0x0000000088300000, 0x0000000088300000, 0x0000000088400000|  0%| F|  |TAMS 0x0000000088300000, 0x0000000088300000| Untracked 
| 104|0x0000000088400000, 0x0000000088400000, 0x0000000088500000|  0%| F|  |TAMS 0x0000000088400000, 0x0000000088400000| Untracked 
| 105|0x0000000088500000, 0x0000000088500000, 0x0000000088600000|  0%| F|  |TAMS 0x0000000088500000, 0x0000000088500000| Untracked 
| 106|0x0000000088600000, 0x0000000088600000, 0x0000000088700000|  0%| F|  |TAMS 0x0000000088600000, 0x0000000088600000| Untracked 
| 107|0x0000000088700000, 0x0000000088700000, 0x0000000088800000|  0%| F|  |TAMS 0x0000000088700000, 0x0000000088700000| Untracked 
| 108|0x0000000088800000, 0x0000000088800000, 0x0000000088900000|  0%| F|  |TAMS 0x0000000088800000, 0x0000000088800000| Untracked 
| 109|0x0000000088900000, 0x0000000088900000, 0x0000000088a00000|  0%| F|  |TAMS 0x0000000088900000, 0x0000000088900000| Untracked 
| 110|0x0000000088a00000, 0x0000000088a3d900, 0x0000000088b00000| 24%| E|  |TAMS 0x0000000088a00000, 0x0000000088a00000| Complete 
| 111|0x0000000088b00000, 0x0000000088c00000, 0x0000000088c00000|100%| E|CS|TAMS 0x0000000088b00000, 0x0000000088b00000| Complete 
| 112|0x0000000088c00000, 0x0000000088d00000, 0x0000000088d00000|100%| E|CS|TAMS 0x0000000088c00000, 0x0000000088c00000| Complete 
| 113|0x0000000088d00000, 0x0000000088e00000, 0x0000000088e00000|100%| S|CS|TAMS 0x0000000088d00000, 0x0000000088d00000| Complete 
| 114|0x0000000088e00000, 0x0000000088f00000, 0x0000000088f00000|100%| S|CS|TAMS 0x0000000088e00000, 0x0000000088e00000| Complete 
| 115|0x0000000088f00000, 0x0000000089000000, 0x0000000089000000|100%| E|CS|TAMS 0x0000000088f00000, 0x0000000088f00000| Complete 
| 116|0x0000000089000000, 0x0000000089100000, 0x0000000089100000|100%| E|CS|TAMS 0x0000000089000000, 0x0000000089000000| Complete 
| 117|0x0000000089100000, 0x0000000089200000, 0x0000000089200000|100%| E|CS|TAMS 0x0000000089100000, 0x0000000089100000| Complete 
| 118|0x0000000089200000, 0x0000000089300000, 0x0000000089300000|100%| E|CS|TAMS 0x0000000089200000, 0x0000000089200000| Complete 
| 119|0x0000000089300000, 0x0000000089400000, 0x0000000089400000|100%| E|CS|TAMS 0x0000000089300000, 0x0000000089300000| Complete 
| 120|0x0000000089400000, 0x0000000089500000, 0x0000000089500000|100%| E|CS|TAMS 0x0000000089400000, 0x0000000089400000| Complete 
| 121|0x0000000089500000, 0x0000000089600000, 0x0000000089600000|100%| E|CS|TAMS 0x0000000089500000, 0x0000000089500000| Complete 
| 122|0x0000000089600000, 0x0000000089700000, 0x0000000089700000|100%| E|CS|TAMS 0x0000000089600000, 0x0000000089600000| Complete 
| 123|0x0000000089700000, 0x0000000089800000, 0x0000000089800000|100%| E|CS|TAMS 0x0000000089700000, 0x0000000089700000| Complete 
| 124|0x0000000089800000, 0x0000000089900000, 0x0000000089900000|100%| E|  |TAMS 0x0000000089800000, 0x0000000089800000| Complete 
| 125|0x0000000089900000, 0x0000000089a00000, 0x0000000089a00000|100%| E|CS|TAMS 0x0000000089900000, 0x0000000089900000| Complete 
| 126|0x0000000089a00000, 0x0000000089b00000, 0x0000000089b00000|100%| E|CS|TAMS 0x0000000089a00000, 0x0000000089a00000| Complete 
| 127|0x0000000089b00000, 0x0000000089c00000, 0x0000000089c00000|100%| E|CS|TAMS 0x0000000089b00000, 0x0000000089b00000| Complete 

Card table byte_map: [0x000001f32e9a0000,0x000001f32eda0000] _byte_map_base: 0x000001f32e592000

Marking Bits (Prev, Next): (CMBitMap*) 0x000001f31638d1e0, (CMBitMap*) 0x000001f31638d220
 Prev Bits: [0x000001f32f1a0000, 0x000001f331130000)
 Next Bits: [0x000001f331130000, 0x000001f3330c0000)

Polling page: 0x000001f315b00000

Metaspace:

Usage:
  Non-class:     12.77 MB used.
      Class:      2.37 MB used.
       Both:     15.14 MB used.

Virtual space:
  Non-class space:       64.00 MB reserved,      12.94 MB ( 20%) committed,  1 nodes.
      Class space:        1.00 GB reserved,       2.50 MB ( <1%) committed,  1 nodes.
             Both:        1.06 GB reserved,      15.44 MB (  1%) committed. 

Chunk freelists:
   Non-Class:  2.95 MB
       Class:  1.51 MB
        Both:  4.46 MB

MaxMetaspaceSize: unlimited
CompressedClassSpaceSize: 1.00 GB
Initial GC threshold: 21.00 MB
Current GC threshold: 21.00 MB
CDS: on
MetaspaceReclaimPolicy: balanced
 - commit_granule_bytes: 65536.
 - commit_granule_words: 8192.
 - virtual_space_node_default_size: 8388608.
 - enlarge_chunks_in_place: 1.
 - new_chunks_are_fully_committed: 0.
 - uncommit_free_chunks: 1.
 - use_allocation_guard: 0.


Internal statistics:

num_allocs_failed_limit: 0.
num_arena_births: 374.
num_arena_deaths: 0.
num_vsnodes_births: 2.
num_vsnodes_deaths: 0.
num_space_committed: 247.
num_space_uncommitted: 0.
num_chunks_returned_to_freelist: 0.
num_chunks_taken_from_freelist: 843.
num_chunk_merges: 0.
num_chunk_splits: 609.
num_chunks_enlarged: 481.
num_inconsistent_stats: 0.

CodeHeap 'non-profiled nmethods': size=120000Kb used=670Kb max_used=670Kb free=119330Kb
 bounds [0x000001f327070000, 0x000001f3272e0000, 0x000001f32e5a0000]
CodeHeap 'profiled nmethods': size=120000Kb used=3533Kb max_used=3533Kb free=116466Kb
 bounds [0x000001f31f5a0000, 0x000001f31f920000, 0x000001f326ad0000]
CodeHeap 'non-nmethods': size=5760Kb used=1482Kb max_used=1504Kb free=4277Kb
 bounds [0x000001f326ad0000, 0x000001f326d40000, 0x000001f327070000]
 total_blobs=2711 nmethods=1957 adapters=664
 compilation: enabled
              stopped_count=0, restarted_count=0
 full_count=0

Compilation events (20 events):
Event: 2.561 Thread 0x000001f3355e6b30 1938       3       javafx.beans.property.StringPropertyBase::get (5 bytes)
Event: 2.562 Thread 0x000001f3355e6b30 nmethod 1938 0x000001f31f903790 code [0x000001f31f903940, 0x000001f31f903b08]
Event: 2.562 Thread 0x000001f3355e6b30 1939       1       javafx.scene.layout.Background::getOutsets (5 bytes)
Event: 2.562 Thread 0x000001f3355e6b30 nmethod 1939 0x000001f327112e10 code [0x000001f327112fa0, 0x000001f327113058]
Event: 2.562 Thread 0x000001f3355e6b30 1940       1       com.sun.javafx.geom.RectBounds::getMaxZ (2 bytes)
Event: 2.562 Thread 0x000001f3355e6b30 nmethod 1940 0x000001f327113110 code [0x000001f3271132a0, 0x000001f327113358]
Event: 2.572 Thread 0x000001f33f412320 nmethod 1858% 0x000001f327113410 code [0x000001f327113600, 0x000001f3271146d8]
Event: 2.573 Thread 0x000001f33f412320 1895       4       com.sun.javafx.css.StyleMap::isEmpty (36 bytes)
Event: 2.575 Thread 0x000001f33f412320 nmethod 1895 0x000001f327115110 code [0x000001f3271152a0, 0x000001f3271153b8]
Event: 2.575 Thread 0x000001f33f412320 1874       4       com.sun.javafx.css.StyleClassSet::getStyleClass (148 bytes)
Event: 2.580 Thread 0x000001f3355e6b30 1941       3       javafx.scene.Node::getPeer (57 bytes)
Event: 2.581 Thread 0x000001f3355e6b30 nmethod 1941 0x000001f31f903b90 code [0x000001f31f903d60, 0x000001f31f9040d8]
Event: 2.581 Thread 0x000001f3355e6b30 1942       3       javafx.scene.Node::updateLocalToParentTransform (442 bytes)
Event: 2.592 Thread 0x000001f3355e6b30 nmethod 1942 0x000001f31f904210 code [0x000001f31f904be0, 0x000001f31f90b098]
Event: 2.592 Thread 0x000001f3355e6b30 1943       3       javafx.scene.layout.Region::snapSizeY (10 bytes)
Event: 2.593 Thread 0x000001f3355e6b30 nmethod 1943 0x000001f31f90cc90 code [0x000001f31f90cf00, 0x000001f31f90d8f8]
Event: 2.593 Thread 0x000001f3355e6b30 1944       3       javafx.scene.layout.Region::snapSizeY (17 bytes)
Event: 2.595 Thread 0x000001f3355e6b30 nmethod 1944 0x000001f31f90dc90 code [0x000001f31f90df00, 0x000001f31f90e858]
Event: 2.604 Thread 0x000001f3355e6b30 1945       3       java.util.WeakHashMap$HashIterator::hasNext (95 bytes)
Event: 2.604 Thread 0x000001f3355e6b30 nmethod 1945 0x000001f31f90eb90 code [0x000001f31f90ed60, 0x000001f31f90f2f8]

GC Heap History (2 events):
Event: 1.220 GC heap before
{Heap before GC invocations=0 (full 0):
 garbage-first heap   total 131072K, used 12288K [0x0000000081c00000, 0x0000000100000000)
  region size 1024K, 13 young (13312K), 0 survivors (0K)
 Metaspace       used 6325K, committed 6528K, reserved 1114112K
  class space    used 761K, committed 896K, reserved 1048576K
}
Event: 1.227 GC heap after
{Heap after GC invocations=1 (full 0):
 garbage-first heap   total 131072K, used 3466K [0x0000000081c00000, 0x0000000100000000)
  region size 1024K, 2 young (2048K), 2 survivors (2048K)
 Metaspace       used 6325K, committed 6528K, reserved 1114112K
  class space    used 761K, committed 896K, reserved 1048576K
}

Dll operation events (20 events):
Event: 0.739 Loaded shared library C:\Program Files\Java\zulu19.32.15-ca-fx-jdk19.0.2-win_x64\bin\api-ms-win-crt-locale-l1-1-0.dll
Event: 0.742 Loaded shared library C:\Program Files\Java\zulu19.32.15-ca-fx-jdk19.0.2-win_x64\bin\api-ms-win-crt-math-l1-1-0.dll
Event: 0.746 Loaded shared library C:\Program Files\Java\zulu19.32.15-ca-fx-jdk19.0.2-win_x64\bin\api-ms-win-crt-multibyte-l1-1-0.dll
Event: 0.749 Loaded shared library C:\Program Files\Java\zulu19.32.15-ca-fx-jdk19.0.2-win_x64\bin\api-ms-win-crt-private-l1-1-0.dll
Event: 0.753 Loaded shared library C:\Program Files\Java\zulu19.32.15-ca-fx-jdk19.0.2-win_x64\bin\api-ms-win-crt-process-l1-1-0.dll
Event: 0.756 Loaded shared library C:\Program Files\Java\zulu19.32.15-ca-fx-jdk19.0.2-win_x64\bin\api-ms-win-crt-runtime-l1-1-0.dll
Event: 0.759 Loaded shared library C:\Program Files\Java\zulu19.32.15-ca-fx-jdk19.0.2-win_x64\bin\api-ms-win-crt-stdio-l1-1-0.dll
Event: 0.762 Loaded shared library C:\Program Files\Java\zulu19.32.15-ca-fx-jdk19.0.2-win_x64\bin\api-ms-win-crt-string-l1-1-0.dll
Event: 0.766 Loaded shared library C:\Program Files\Java\zulu19.32.15-ca-fx-jdk19.0.2-win_x64\bin\api-ms-win-crt-time-l1-1-0.dll
Event: 0.769 Loaded shared library C:\Program Files\Java\zulu19.32.15-ca-fx-jdk19.0.2-win_x64\bin\api-ms-win-crt-utility-l1-1-0.dll
Event: 0.773 Loaded shared library C:\Program Files\Java\zulu19.32.15-ca-fx-jdk19.0.2-win_x64\bin\ucrtbase.dll
Event: 0.775 Loaded shared library C:\Program Files\Java\zulu19.32.15-ca-fx-jdk19.0.2-win_x64\bin\vcruntime140.dll
Event: 0.777 Loaded shared library C:\Program Files\Java\zulu19.32.15-ca-fx-jdk19.0.2-win_x64\bin\vcruntime140_1.dll
Event: 0.779 Loaded shared library C:\Program Files\Java\zulu19.32.15-ca-fx-jdk19.0.2-win_x64\bin\msvcp140.dll
Event: 0.782 Loaded shared library C:\Program Files\Java\zulu19.32.15-ca-fx-jdk19.0.2-win_x64\bin\msvcp140_1.dll
Event: 0.785 Loaded shared library C:\Program Files\Java\zulu19.32.15-ca-fx-jdk19.0.2-win_x64\bin\msvcp140_2.dll
Event: 0.835 Loaded shared library C:\Program Files\Java\zulu19.32.15-ca-fx-jdk19.0.2-win_x64\bin\prism_d3d.dll
Event: 0.900 Loaded shared library C:\Program Files\Java\zulu19.32.15-ca-fx-jdk19.0.2-win_x64\bin\glass.dll
Event: 1.086 Loaded shared library C:\Program Files\Java\zulu19.32.15-ca-fx-jdk19.0.2-win_x64\bin\javafx_iio.dll
Event: 1.484 Loaded shared library C:\Program Files\Java\zulu19.32.15-ca-fx-jdk19.0.2-win_x64\bin\javafx_font.dll

Deoptimization events (20 events):
Event: 2.030 Thread 0x000001f339d77c40 Uncommon trap: trap_request=0xffffffde fr.pc=0x000001f32707cbc0 relative=0x00000000000001a0
Event: 2.030 Thread 0x000001f339d77c40 Uncommon trap: reason=class_check action=maybe_recompile pc=0x000001f32707cbc0 method=java.lang.String.equals(Ljava/lang/Object;)Z @ 8 c2
Event: 2.030 Thread 0x000001f339d77c40 DEOPT PACKING pc=0x000001f32707cbc0 sp=0x000000b61fbfd380
Event: 2.030 Thread 0x000001f339d77c40 DEOPT UNPACKING pc=0x000001f326b36da3 sp=0x000000b61fbfd328 mode 2
Event: 2.235 Thread 0x000001f339d77c40 Uncommon trap: trap_request=0xffffffc6 fr.pc=0x000001f3270c6fa8 relative=0x00000000000002e8
Event: 2.236 Thread 0x000001f339d77c40 Uncommon trap: reason=bimorphic_or_optimized_type_check action=maybe_recompile pc=0x000001f3270c6fa8 method=java.util.concurrent.ConcurrentHashMap.get(Ljava/lang/Object;)Ljava/lang/Object; @ 149 c2
Event: 2.236 Thread 0x000001f339d77c40 DEOPT PACKING pc=0x000001f3270c6fa8 sp=0x000000b61fbfd0a0
Event: 2.236 Thread 0x000001f339d77c40 DEOPT UNPACKING pc=0x000001f326b36da3 sp=0x000000b61fbfd010 mode 2
Event: 2.236 Thread 0x000001f339d77c40 Uncommon trap: trap_request=0xffffffc6 fr.pc=0x000001f3270c6fa8 relative=0x00000000000002e8
Event: 2.236 Thread 0x000001f339d77c40 Uncommon trap: reason=bimorphic_or_optimized_type_check action=maybe_recompile pc=0x000001f3270c6fa8 method=java.util.concurrent.ConcurrentHashMap.get(Ljava/lang/Object;)Ljava/lang/Object; @ 149 c2
Event: 2.236 Thread 0x000001f339d77c40 DEOPT PACKING pc=0x000001f3270c6fa8 sp=0x000000b61fbfd160
Event: 2.236 Thread 0x000001f339d77c40 DEOPT UNPACKING pc=0x000001f326b36da3 sp=0x000000b61fbfd0d0 mode 2
Event: 2.236 Thread 0x000001f339d77c40 Uncommon trap: trap_request=0xffffffc6 fr.pc=0x000001f3270c6fa8 relative=0x00000000000002e8
Event: 2.236 Thread 0x000001f339d77c40 Uncommon trap: reason=bimorphic_or_optimized_type_check action=maybe_recompile pc=0x000001f3270c6fa8 method=java.util.concurrent.ConcurrentHashMap.get(Ljava/lang/Object;)Ljava/lang/Object; @ 149 c2
Event: 2.236 Thread 0x000001f339d77c40 DEOPT PACKING pc=0x000001f3270c6fa8 sp=0x000000b61fbfd0a0
Event: 2.236 Thread 0x000001f339d77c40 DEOPT UNPACKING pc=0x000001f326b36da3 sp=0x000000b61fbfd010 mode 2
Event: 2.406 Thread 0x000001f339d77c40 Uncommon trap: trap_request=0xffffff45 fr.pc=0x000001f3271012fc relative=0x000000000000005c
Event: 2.406 Thread 0x000001f339d77c40 Uncommon trap: reason=unstable_if action=reinterpret pc=0x000001f3271012fc method=java.util.Objects.equals(Ljava/lang/Object;Ljava/lang/Object;)Z @ 6 c2
Event: 2.406 Thread 0x000001f339d77c40 DEOPT PACKING pc=0x000001f3271012fc sp=0x000000b61fbfced0
Event: 2.406 Thread 0x000001f339d77c40 DEOPT UNPACKING pc=0x000001f326b36da3 sp=0x000000b61fbfce70 mode 2

Classes loaded (20 events):
Event: 2.432 Loading class java/lang/FdLibm$Hypot
Event: 2.432 Loading class java/lang/FdLibm$Hypot done
Event: 2.432 Loading class java/lang/FdLibm
Event: 2.432 Loading class java/lang/FdLibm done
Event: 2.450 Loading class java/util/WeakHashMap$EntrySet
Event: 2.450 Loading class java/util/WeakHashMap$EntrySet done
Event: 2.450 Loading class java/util/WeakHashMap$EntryIterator
Event: 2.450 Loading class java/util/WeakHashMap$EntryIterator done
Event: 2.473 Loading class java/nio/HeapIntBuffer
Event: 2.473 Loading class java/nio/HeapIntBuffer done
Event: 2.483 Loading class java/util/EnumMap$Values
Event: 2.484 Loading class java/util/EnumMap$Values done
Event: 2.484 Loading class java/util/EnumMap$ValueIterator
Event: 2.484 Loading class java/util/EnumMap$EnumMapIterator
Event: 2.484 Loading class java/util/EnumMap$EnumMapIterator done
Event: 2.484 Loading class java/util/EnumMap$ValueIterator done
Event: 2.551 Loading class java/util/concurrent/ConcurrentLinkedQueue
Event: 2.552 Loading class java/util/concurrent/ConcurrentLinkedQueue done
Event: 2.552 Loading class java/util/concurrent/ConcurrentLinkedQueue$Node
Event: 2.552 Loading class java/util/concurrent/ConcurrentLinkedQueue$Node done

Classes unloaded (0 events):
No events

Classes redefined (0 events):
No events

Internal exceptions (20 events):
Event: 1.733 Thread 0x000001f339d77c40 Exception <a 'java/io/FileNotFoundException'{0x000000008959c368}> (0x000000008959c368) 
thrown [s\src\hotspot\share\prims\jni.cpp, line 517]
Event: 1.805 Thread 0x000001f339d77c40 Exception <a 'sun/nio/fs/WindowsException'{0x00000000895f2ba8}> (0x00000000895f2ba8) 
thrown [s\src\hotspot\share\prims\jni.cpp, line 517]
Event: 1.815 Thread 0x000001f339d77c40 Implicit null exception at 0x000001f3270e21ac to 0x000001f3270e2470
Event: 1.853 Thread 0x000001f339d77c40 Implicit null exception at 0x000001f3270dc7ac to 0x000001f3270dca58
Event: 1.980 Thread 0x000001f339d77c40 Implicit null exception at 0x000001f3270d7192 to 0x000001f3270d77e4
Event: 2.038 Thread 0x000001f339d77c40 Exception <a 'java/lang/NoSuchMethodError'{0x000000008933a320}: 'int java.lang.invoke.DirectMethodHandle$Holder.invokeStaticInit(java.lang.Object, java.lang.Object)'> (0x000000008933a320) 
thrown [s\src\hotspot\share\interpreter\linkResolver.cpp, line 774]
Event: 2.093 Thread 0x000001f339d77c40 Exception <a 'java/lang/NoSuchMethodError'{0x00000000893cca60}: 'void java.lang.invoke.DirectMethodHandle$Holder.invokeSpecial(java.lang.Object, java.lang.Object, java.lang.Object, java.lang.Object, java.lang.Object, java.lang.Object)'> (0x00000000893cca60) 
thrown [s\src\hotspot\share\interpreter\linkResolver.cpp, line 774]
Event: 2.128 Thread 0x000001f339d77c40 Exception <a 'java/lang/NoSuchMethodError'{0x000000008921d098}: 'java.lang.Object java.lang.invoke.DirectMethodHandle$Holder.invokeInterface(java.lang.Object, java.lang.Object, java.lang.Object)'> (0x000000008921d098) 
thrown [s\src\hotspot\share\interpreter\linkResolver.cpp, line 774]
Event: 2.128 Thread 0x000001f339d77c40 Exception <a 'java/lang/IncompatibleClassChangeError'{0x0000000089220c88}: Found class java.lang.Object, but interface was expected> (0x0000000089220c88) 
thrown [s\src\hotspot\share\interpreter\linkResolver.cpp, line 841]
Event: 2.230 Thread 0x000001f339d77c40 Exception <a 'java/lang/ClassNotFoundException'{0x0000000089199ea8}: com/sun/javafx/scene/control/skin/resources/controls> (0x0000000089199ea8) 
thrown [s\src\hotspot\share\prims\jni.cpp, line 536]
Event: 2.234 Thread 0x000001f339d77c40 Exception <a 'java/lang/ClassNotFoundException'{0x00000000891a7b78}: com/sun/javafx/scene/control/skin/resources/controls_en> (0x00000000891a7b78) 
thrown [s\src\hotspot\share\prims\jni.cpp, line 536]
Event: 2.235 Thread 0x000001f339d77c40 Exception <a 'java/lang/ClassNotFoundException'{0x00000000891a8a80}: com/sun/javafx/scene/control/skin/resources/controls_en_US> (0x00000000891a8a80) 
thrown [s\src\hotspot\share\prims\jni.cpp, line 536]
Event: 2.415 Thread 0x000001f339d77c40 Exception <a 'java/lang/NoSuchMethodError'{0x0000000088ccb930}: 'int java.lang.invoke.DirectMethodHandle$Holder.invokeSpecial(java.lang.Object, java.lang.Object, int)'> (0x0000000088ccb930) 
thrown [s\src\hotspot\share\interpreter\linkResolver.cpp, line 774]
Event: 2.437 Thread 0x000001f339d77c40 Exception <a 'java/lang/NoSuchMethodError'{0x0000000088b0cf90}: 'java.lang.Object java.lang.invoke.DirectMethodHandle$Holder.newInvokeSpecial(java.lang.Object, java.lang.Object, int, int)'> (0x0000000088b0cf90) 
thrown [s\src\hotspot\share\interpreter\linkResolver.cpp, line 774]
Event: 2.437 Thread 0x000001f339d77c40 Exception <a 'java/lang/NoSuchMethodError'{0x0000000088b110a0}: 'java.lang.Object java.lang.invoke.DirectMethodHandle$Holder.invokeSpecial(java.lang.Object, java.lang.Object, java.lang.Object, int, int)'> (0x0000000088b110a0) 
thrown [s\src\hotspot\share\interpreter\linkResolver.cpp, line 774]
Event: 2.443 Thread 0x000001f339d77c40 Exception <a 'java/lang/NoSuchMethodError'{0x0000000088b1e700}: 'java.lang.Object java.lang.invoke.DirectMethodHandle$Holder.newInvokeSpecial(java.lang.Object, java.lang.Object, int)'> (0x0000000088b1e700) 
thrown [s\src\hotspot\share\interpreter\linkResolver.cpp, line 774]
Event: 2.553 Thread 0x000001f339d77c40 Exception <a 'java/lang/NoSuchMethodError'{0x0000000088bf6348}: 'long java.lang.invoke.DirectMethodHandle$Holder.invokeStatic(java.lang.Object, java.lang.Object, java.lang.Object)'> (0x0000000088bf6348) 
thrown [s\src\hotspot\share\interpreter\linkResolver.cpp, line 774]
Event: 2.554 Thread 0x000001f339d77c40 Exception <a 'java/lang/NoSuchMethodError'{0x0000000088bf99c0}: 'long java.lang.invoke.DirectMethodHandle$Holder.invokeStaticInit(java.lang.Object, java.lang.Object, java.lang.Object)'> (0x0000000088bf99c0) 
thrown [s\src\hotspot\share\interpreter\linkResolver.cpp, line 774]
Event: 2.558 Thread 0x000001f339d77c40 Exception <a 'java/lang/NoSuchMethodError'{0x0000000088a12350}: 'java.lang.Object java.lang.invoke.DirectMethodHandle$Holder.newInvokeSpecial(java.lang.Object, java.lang.Object, long)'> (0x0000000088a12350) 
thrown [s\src\hotspot\share\interpreter\linkResolver.cpp, line 774]
Event: 2.559 Thread 0x000001f339d77c40 Exception <a 'java/lang/NoSuchMethodError'{0x0000000088a15ed8}: 'java.lang.Object java.lang.invoke.Invokers$Holder.linkToTargetMethod(java.lang.Object, long, java.lang.Object)'> (0x0000000088a15ed8) 
thrown [s\src\hotspot\share\interpreter\linkResolver.cpp, line 774]

VM Operations (20 events):
Event: 0.365 Executing VM operation: HandshakeAllThreads
Event: 0.365 Executing VM operation: HandshakeAllThreads done
Event: 0.483 Executing VM operation: HandshakeAllThreads
Event: 0.483 Executing VM operation: HandshakeAllThreads done
Event: 0.548 Executing VM operation: HandshakeAllThreads
Event: 0.549 Executing VM operation: HandshakeAllThreads done
Event: 0.894 Executing VM operation: HandshakeAllThreads
Event: 0.894 Executing VM operation: HandshakeAllThreads done
Event: 1.214 Executing VM operation: ICBufferFull
Event: 1.214 Executing VM operation: ICBufferFull done
Event: 1.220 Executing VM operation: G1CollectForAllocation
Event: 1.228 Executing VM operation: G1CollectForAllocation done
Event: 1.399 Executing VM operation: HandshakeAllThreads
Event: 1.399 Executing VM operation: HandshakeAllThreads done
Event: 1.500 Executing VM operation: HandshakeAllThreads
Event: 1.500 Executing VM operation: HandshakeAllThreads done
Event: 2.235 Executing VM operation: ICBufferFull
Event: 2.235 Executing VM operation: ICBufferFull done
Event: 2.473 Executing VM operation: HandshakeAllThreads
Event: 2.473 Executing VM operation: HandshakeAllThreads done

Events (20 events):
Event: 0.082 Thread 0x000001f335576ec0 Thread added: 0x000001f335576ec0
Event: 0.082 Thread 0x000001f335579800 Thread added: 0x000001f335579800
Event: 0.082 Thread 0x000001f33557a130 Thread added: 0x000001f33557a130
Event: 0.082 Thread 0x000001f33557ad90 Thread added: 0x000001f33557ad90
Event: 0.087 Thread 0x000001f3355e6b30 Thread added: 0x000001f3355e6b30
Event: 0.089 Thread 0x000001f3398181f0 Thread added: 0x000001f3398181f0
Event: 0.222 Thread 0x000001f335547b50 Thread added: 0x000001f335547b50
Event: 0.319 Thread 0x000001f3398de820 Thread added: 0x000001f3398de820
Event: 0.543 Thread 0x000001f3399d3ff0 Thread added: 0x000001f3399d3ff0
Event: 0.544 Thread 0x000001f339ba00e0 Thread added: 0x000001f339ba00e0
Event: 0.827 Thread 0x000001f339d2a600 Thread added: 0x000001f339d2a600
Event: 0.903 Thread 0x000001f339c231a0 Thread added: 0x000001f339c231a0
Event: 0.909 Thread 0x000001f339d77c40 Thread added: 0x000001f339d77c40
Event: 0.914 Thread 0x000001f3398de820 Thread exited: 0x000001f3398de820
Event: 1.020 Thread 0x000001f339f8d9a0 Thread added: 0x000001f339f8d9a0
Event: 1.041 Thread 0x000001f339f8bf10 Thread added: 0x000001f339f8bf10
Event: 1.220 Thread 0x000001f33a077880 Thread added: 0x000001f33a077880
Event: 1.958 Thread 0x000001f33a077880 Thread exited: 0x000001f33a077880
Event: 2.169 Thread 0x000001f339f8d450 Thread added: 0x000001f339f8d450
Event: 2.413 Thread 0x000001f33f412320 Thread added: 0x000001f33f412320


Dynamic libraries:
0x00007ff691c00000 - 0x00007ff691c0e000 	C:\Program Files\Java\zulu19.32.15-ca-fx-jdk19.0.2-win_x64\bin\java.exe
0x00007ffe5b7d0000 - 0x00007ffe5b9c8000 	C:\Windows\SYSTEM32\ntdll.dll
0x00007ffe5a2f0000 - 0x00007ffe5a3af000 	C:\Windows\System32\KERNEL32.DLL
0x00007ffe58f00000 - 0x00007ffe591f6000 	C:\Windows\System32\KERNELBASE.dll
0x00007ffe59490000 - 0x00007ffe59590000 	C:\Windows\System32\ucrtbase.dll
0x00007ffe2f6e0000 - 0x00007ffe2f6fb000 	C:\Program Files\Java\zulu19.32.15-ca-fx-jdk19.0.2-win_x64\bin\VCRUNTIME140.dll
0x00007ffe2f700000 - 0x00007ffe2f717000 	C:\Program Files\Java\zulu19.32.15-ca-fx-jdk19.0.2-win_x64\bin\jli.dll
0x00007ffe59c70000 - 0x00007ffe59e0d000 	C:\Windows\System32\USER32.dll
0x00007ffe59800000 - 0x00007ffe59822000 	C:\Windows\System32\win32u.dll
0x00007ffe59b60000 - 0x00007ffe59b8c000 	C:\Windows\System32\GDI32.dll
0x00007ffe59640000 - 0x00007ffe59755000 	C:\Windows\System32\gdi32full.dll
0x00007ffe593f0000 - 0x00007ffe5948d000 	C:\Windows\System32\msvcp_win.dll
0x00007ffe427c0000 - 0x00007ffe42a5a000 	C:\Windows\WinSxS\amd64_microsoft.windows.common-controls_6595b64144ccf1df_6.0.19041.1110_none_60b5254171f9507e\COMCTL32.dll
0x00007ffe5b530000 - 0x00007ffe5b5ce000 	C:\Windows\System32\msvcrt.dll
0x00007ffe5b500000 - 0x00007ffe5b530000 	C:\Windows\System32\IMM32.DLL
0x00007ffe4a460000 - 0x00007ffe4a46c000 	C:\Program Files\Java\zulu19.32.15-ca-fx-jdk19.0.2-win_x64\bin\vcruntime140_1.dll
0x00007ffe25580000 - 0x00007ffe2560d000 	C:\Program Files\Java\zulu19.32.15-ca-fx-jdk19.0.2-win_x64\bin\msvcp140.dll
0x00007ffde2080000 - 0x00007ffde2d87000 	C:\Program Files\Java\zulu19.32.15-ca-fx-jdk19.0.2-win_x64\bin\server\jvm.dll
0x00007ffe59830000 - 0x00007ffe598df000 	C:\Windows\System32\ADVAPI32.dll
0x00007ffe5a440000 - 0x00007ffe5a4dc000 	C:\Windows\System32\sechost.dll
0x00007ffe5a540000 - 0x00007ffe5a666000 	C:\Windows\System32\RPCRT4.dll
0x00007ffe532b0000 - 0x00007ffe532b9000 	C:\Windows\SYSTEM32\WSOCK32.dll
0x00007ffe5ad40000 - 0x00007ffe5adab000 	C:\Windows\System32\WS2_32.dll
0x00007ffe349f0000 - 0x00007ffe34a17000 	C:\Windows\SYSTEM32\WINMM.dll
0x00007ffe519b0000 - 0x00007ffe519ba000 	C:\Windows\SYSTEM32\VERSION.dll
0x00007ffe57750000 - 0x00007ffe57762000 	C:\Windows\SYSTEM32\kernel.appcore.dll
0x00007ffe38be0000 - 0x00007ffe38bea000 	C:\Program Files\Java\zulu19.32.15-ca-fx-jdk19.0.2-win_x64\bin\jimage.dll
0x00007ffe57530000 - 0x00007ffe57714000 	C:\Windows\SYSTEM32\DBGHELP.DLL
0x00007ffe41080000 - 0x00007ffe410b4000 	C:\Windows\SYSTEM32\dbgcore.DLL
0x00007ffe59200000 - 0x00007ffe59282000 	C:\Windows\System32\bcryptPrimitives.dll
0x00007ffe522d0000 - 0x00007ffe522de000 	C:\Program Files\Java\zulu19.32.15-ca-fx-jdk19.0.2-win_x64\bin\instrument.dll
0x00007ffe2d3f0000 - 0x00007ffe2d416000 	C:\Program Files\Java\zulu19.32.15-ca-fx-jdk19.0.2-win_x64\bin\java.dll
0x00007ffdef0b0000 - 0x00007ffdef187000 	C:\Program Files\Java\zulu19.32.15-ca-fx-jdk19.0.2-win_x64\bin\jsvml.dll
0x00007ffe5adb0000 - 0x00007ffe5b4f4000 	C:\Windows\System32\SHELL32.dll
0x00007ffe53a00000 - 0x00007ffe54193000 	C:\Windows\SYSTEM32\windows.storage.dll
0x00007ffe59e70000 - 0x00007ffe5a1c4000 	C:\Windows\System32\combase.dll
0x00007ffe58830000 - 0x00007ffe5885e000 	C:\Windows\SYSTEM32\Wldp.dll
0x00007ffe59960000 - 0x00007ffe59a0d000 	C:\Windows\System32\SHCORE.dll
0x00007ffe5a4e0000 - 0x00007ffe5a535000 	C:\Windows\System32\shlwapi.dll
0x00007ffe58df0000 - 0x00007ffe58e0f000 	C:\Windows\SYSTEM32\profapi.dll
0x00007ffe2f6c0000 - 0x00007ffe2f6d3000 	C:\Program Files\Java\zulu19.32.15-ca-fx-jdk19.0.2-win_x64\bin\net.dll
0x00007ffe50d60000 - 0x00007ffe50e6a000 	C:\Windows\SYSTEM32\WINHTTP.dll
0x00007ffe58590000 - 0x00007ffe585fa000 	C:\Windows\system32\mswsock.dll
0x00007ffe2d530000 - 0x00007ffe2d546000 	C:\Program Files\Java\zulu19.32.15-ca-fx-jdk19.0.2-win_x64\bin\nio.dll
0x00007ffe2d3d0000 - 0x00007ffe2d3e8000 	C:\Program Files\Java\zulu19.32.15-ca-fx-jdk19.0.2-win_x64\bin\zip.dll
0x00007ffe4af80000 - 0x00007ffe4af9a000 	C:\Program Files\JetBrains\IntelliJ IDEA Community Edition 2022.3.3\bin\breakgen64.dll
0x000001f3162e0000 - 0x000001f3162e4000 	C:\Program Files\Java\zulu19.32.15-ca-fx-jdk19.0.2-win_x64\bin\api-ms-win-core-console-l1-1-0.dll
0x000001f3162f0000 - 0x000001f3162f4000 	C:\Program Files\Java\zulu19.32.15-ca-fx-jdk19.0.2-win_x64\bin\api-ms-win-core-console-l1-2-0.dll
0x000001f3356f0000 - 0x000001f3356f4000 	C:\Program Files\Java\zulu19.32.15-ca-fx-jdk19.0.2-win_x64\bin\api-ms-win-core-datetime-l1-1-0.dll
0x000001f335700000 - 0x000001f335704000 	C:\Program Files\Java\zulu19.32.15-ca-fx-jdk19.0.2-win_x64\bin\api-ms-win-core-debug-l1-1-0.dll
0x000001f335710000 - 0x000001f335714000 	C:\Program Files\Java\zulu19.32.15-ca-fx-jdk19.0.2-win_x64\bin\api-ms-win-core-errorhandling-l1-1-0.dll
0x000001f335720000 - 0x000001f335725000 	C:\Program Files\Java\zulu19.32.15-ca-fx-jdk19.0.2-win_x64\bin\api-ms-win-core-file-l1-1-0.dll
0x000001f335730000 - 0x000001f335734000 	C:\Program Files\Java\zulu19.32.15-ca-fx-jdk19.0.2-win_x64\bin\api-ms-win-core-file-l1-2-0.dll
0x000001f335740000 - 0x000001f335744000 	C:\Program Files\Java\zulu19.32.15-ca-fx-jdk19.0.2-win_x64\bin\api-ms-win-core-file-l2-1-0.dll
0x000001f335750000 - 0x000001f335754000 	C:\Program Files\Java\zulu19.32.15-ca-fx-jdk19.0.2-win_x64\bin\api-ms-win-core-handle-l1-1-0.dll
0x000001f335760000 - 0x000001f335764000 	C:\Program Files\Java\zulu19.32.15-ca-fx-jdk19.0.2-win_x64\bin\api-ms-win-core-heap-l1-1-0.dll
0x000001f335770000 - 0x000001f335774000 	C:\Program Files\Java\zulu19.32.15-ca-fx-jdk19.0.2-win_x64\bin\api-ms-win-core-interlocked-l1-1-0.dll
0x000001f335780000 - 0x000001f335784000 	C:\Program Files\Java\zulu19.32.15-ca-fx-jdk19.0.2-win_x64\bin\api-ms-win-core-libraryloader-l1-1-0.dll
0x000001f335790000 - 0x000001f335794000 	C:\Program Files\Java\zulu19.32.15-ca-fx-jdk19.0.2-win_x64\bin\api-ms-win-core-localization-l1-2-0.dll
0x000001f3357a0000 - 0x000001f3357a4000 	C:\Program Files\Java\zulu19.32.15-ca-fx-jdk19.0.2-win_x64\bin\api-ms-win-core-memory-l1-1-0.dll
0x000001f3357b0000 - 0x000001f3357b4000 	C:\Program Files\Java\zulu19.32.15-ca-fx-jdk19.0.2-win_x64\bin\api-ms-win-core-namedpipe-l1-1-0.dll
0x000001f3357c0000 - 0x000001f3357c4000 	C:\Program Files\Java\zulu19.32.15-ca-fx-jdk19.0.2-win_x64\bin\api-ms-win-core-processenvironment-l1-1-0.dll
0x000001f3357d0000 - 0x000001f3357d4000 	C:\Program Files\Java\zulu19.32.15-ca-fx-jdk19.0.2-win_x64\bin\api-ms-win-core-processthreads-l1-1-0.dll
0x000001f3357e0000 - 0x000001f3357e4000 	C:\Program Files\Java\zulu19.32.15-ca-fx-jdk19.0.2-win_x64\bin\api-ms-win-core-processthreads-l1-1-1.dll
0x000001f3357f0000 - 0x000001f3357f4000 	C:\Program Files\Java\zulu19.32.15-ca-fx-jdk19.0.2-win_x64\bin\api-ms-win-core-profile-l1-1-0.dll
0x000001f33a400000 - 0x000001f33a404000 	C:\Program Files\Java\zulu19.32.15-ca-fx-jdk19.0.2-win_x64\bin\api-ms-win-core-rtlsupport-l1-1-0.dll
0x000001f33a410000 - 0x000001f33a414000 	C:\Program Files\Java\zulu19.32.15-ca-fx-jdk19.0.2-win_x64\bin\api-ms-win-core-string-l1-1-0.dll
0x000001f33a420000 - 0x000001f33a424000 	C:\Program Files\Java\zulu19.32.15-ca-fx-jdk19.0.2-win_x64\bin\api-ms-win-core-synch-l1-1-0.dll
0x000001f33a430000 - 0x000001f33a434000 	C:\Program Files\Java\zulu19.32.15-ca-fx-jdk19.0.2-win_x64\bin\api-ms-win-core-synch-l1-2-0.dll
0x000001f33a440000 - 0x000001f33a444000 	C:\Program Files\Java\zulu19.32.15-ca-fx-jdk19.0.2-win_x64\bin\api-ms-win-core-sysinfo-l1-1-0.dll
0x000001f33a450000 - 0x000001f33a454000 	C:\Program Files\Java\zulu19.32.15-ca-fx-jdk19.0.2-win_x64\bin\api-ms-win-core-timezone-l1-1-0.dll
0x000001f33a460000 - 0x000001f33a464000 	C:\Program Files\Java\zulu19.32.15-ca-fx-jdk19.0.2-win_x64\bin\api-ms-win-core-util-l1-1-0.dll
0x000001f33a470000 - 0x000001f33a474000 	C:\Program Files\Java\zulu19.32.15-ca-fx-jdk19.0.2-win_x64\bin\api-ms-win-crt-conio-l1-1-0.dll
0x000001f33a480000 - 0x000001f33a485000 	C:\Program Files\Java\zulu19.32.15-ca-fx-jdk19.0.2-win_x64\bin\api-ms-win-crt-convert-l1-1-0.dll
0x000001f33a490000 - 0x000001f33a494000 	C:\Program Files\Java\zulu19.32.15-ca-fx-jdk19.0.2-win_x64\bin\api-ms-win-crt-environment-l1-1-0.dll
0x000001f33a4a0000 - 0x000001f33a4a4000 	C:\Program Files\Java\zulu19.32.15-ca-fx-jdk19.0.2-win_x64\bin\api-ms-win-crt-filesystem-l1-1-0.dll
0x000001f33a4b0000 - 0x000001f33a4b4000 	C:\Program Files\Java\zulu19.32.15-ca-fx-jdk19.0.2-win_x64\bin\api-ms-win-crt-heap-l1-1-0.dll
0x000001f33a4c0000 - 0x000001f33a4c4000 	C:\Program Files\Java\zulu19.32.15-ca-fx-jdk19.0.2-win_x64\bin\api-ms-win-crt-locale-l1-1-0.dll
0x000001f33a4d0000 - 0x000001f33a4d6000 	C:\Program Files\Java\zulu19.32.15-ca-fx-jdk19.0.2-win_x64\bin\api-ms-win-crt-math-l1-1-0.dll
0x000001f33a4e0000 - 0x000001f33a4e6000 	C:\Program Files\Java\zulu19.32.15-ca-fx-jdk19.0.2-win_x64\bin\api-ms-win-crt-multibyte-l1-1-0.dll
0x000001f33a4f0000 - 0x000001f33a501000 	C:\Program Files\Java\zulu19.32.15-ca-fx-jdk19.0.2-win_x64\bin\api-ms-win-crt-private-l1-1-0.dll
0x000001f33a510000 - 0x000001f33a514000 	C:\Program Files\Java\zulu19.32.15-ca-fx-jdk19.0.2-win_x64\bin\api-ms-win-crt-process-l1-1-0.dll
0x000001f33a520000 - 0x000001f33a525000 	C:\Program Files\Java\zulu19.32.15-ca-fx-jdk19.0.2-win_x64\bin\api-ms-win-crt-runtime-l1-1-0.dll
0x000001f33a530000 - 0x000001f33a535000 	C:\Program Files\Java\zulu19.32.15-ca-fx-jdk19.0.2-win_x64\bin\api-ms-win-crt-stdio-l1-1-0.dll
0x000001f33a540000 - 0x000001f33a545000 	C:\Program Files\Java\zulu19.32.15-ca-fx-jdk19.0.2-win_x64\bin\api-ms-win-crt-string-l1-1-0.dll
0x000001f33a550000 - 0x000001f33a554000 	C:\Program Files\Java\zulu19.32.15-ca-fx-jdk19.0.2-win_x64\bin\api-ms-win-crt-time-l1-1-0.dll
0x000001f33a560000 - 0x000001f33a564000 	C:\Program Files\Java\zulu19.32.15-ca-fx-jdk19.0.2-win_x64\bin\api-ms-win-crt-utility-l1-1-0.dll
0x00007ffe1a520000 - 0x00007ffe1a630000 	C:\Program Files\Java\zulu19.32.15-ca-fx-jdk19.0.2-win_x64\bin\ucrtbase.dll
0x00007ffe522c0000 - 0x00007ffe522c9000 	C:\Program Files\Java\zulu19.32.15-ca-fx-jdk19.0.2-win_x64\bin\msvcp140_1.dll
0x00007ffe4a500000 - 0x00007ffe4a52f000 	C:\Program Files\Java\zulu19.32.15-ca-fx-jdk19.0.2-win_x64\bin\msvcp140_2.dll
0x00007ffe4a4d0000 - 0x00007ffe4a4fc000 	C:\Program Files\Java\zulu19.32.15-ca-fx-jdk19.0.2-win_x64\bin\prism_d3d.dll
0x00007ffe2ec00000 - 0x00007ffe2edcd000 	C:\Windows\system32\d3d9.dll
0x00007ffe52e00000 - 0x00007ffe52e2f000 	C:\Windows\SYSTEM32\dwmapi.dll
0x00007ffe52cd0000 - 0x00007ffe52d6e000 	C:\Windows\system32\uxtheme.dll
0x00007ffe2d0a0000 - 0x00007ffe2d24f000 	C:\Windows\System32\DriverStore\FileRepository\iigd_dch.inf_amd64_51f685305808e3a5\igdumdim64.dll
0x00007ffe5a7a0000 - 0x00007ffe5a8ca000 	C:\Windows\System32\ole32.dll
0x00007ffe597d0000 - 0x00007ffe597f7000 	C:\Windows\System32\bcrypt.dll
0x00007ffe0fa60000 - 0x00007ffe12b03000 	C:\Windows\System32\DriverStore\FileRepository\iigd_dch.inf_amd64_51f685305808e3a5\igd9dxva64.dll
0x00007ffe59a10000 - 0x00007ffe59add000 	C:\Windows\System32\OLEAUT32.dll
0x00007ffe5a8d0000 - 0x00007ffe5ad38000 	C:\Windows\System32\SETUPAPI.dll
0x00007ffe58eb0000 - 0x00007ffe58efe000 	C:\Windows\System32\cfgmgr32.dll
0x00007ffe484c0000 - 0x00007ffe488c9000 	C:\Windows\System32\DriverStore\FileRepository\iigd_dch.inf_amd64_51f685305808e3a5\igdgmm64.dll
0x00007ffe49e10000 - 0x00007ffe49e52000 	C:\Program Files\Java\zulu19.32.15-ca-fx-jdk19.0.2-win_x64\bin\glass.dll
0x00007ffe59b90000 - 0x00007ffe59c6a000 	C:\Windows\System32\COMDLG32.dll
0x00007ffe5a1d0000 - 0x00007ffe5a2e4000 	C:\Windows\System32\MSCTF.dll
0x00007ffe4be60000 - 0x00007ffe4be87000 	C:\Windows\System32\DriverStore\FileRepository\iigd_dch.inf_amd64_51f685305808e3a5\igdinfo64.dll
0x00007ffe44430000 - 0x00007ffe47bc4000 	C:\Windows\System32\DriverStore\FileRepository\iigd_dch.inf_amd64_51f685305808e3a5\igc64.dll
0x00007ffe43d50000 - 0x00007ffe43d8b000 	C:\Windows\SYSTEM32\dxcore.dll
0x00007ffe4a480000 - 0x00007ffe4a4ad000 	C:\Program Files\Java\zulu19.32.15-ca-fx-jdk19.0.2-win_x64\bin\javafx_iio.dll
0x00007ffe49c60000 - 0x00007ffe49c74000 	C:\Program Files\Java\zulu19.32.15-ca-fx-jdk19.0.2-win_x64\bin\javafx_font.dll
0x00007ffe360c0000 - 0x00007ffe3633f000 	C:\Windows\SYSTEM32\dwrite.dll
0x00007ffe5a670000 - 0x00007ffe5a719000 	C:\Windows\System32\clbcatq.dll
0x00007ffe4b300000 - 0x00007ffe4b4b4000 	C:\Windows\SYSTEM32\WindowsCodecs.dll
0x00007ffe28730000 - 0x00007ffe2876e000 	C:\Windows\system32\dataexchange.dll
0x00007ffe4cae0000 - 0x00007ffe4ccc3000 	C:\Windows\system32\dcomp.dll
0x00007ffe4dd20000 - 0x00007ffe4df83000 	C:\Windows\system32\d3d11.dll
0x00007ffe57770000 - 0x00007ffe57863000 	C:\Windows\system32\dxgi.dll
0x00007ffe4fae0000 - 0x00007ffe4fce0000 	C:\Windows\system32\twinapi.appcore.dll
0x00007ffe497e0000 - 0x00007ffe49814000 	C:\Program Files\Common Files\Microsoft Shared\Ink\rtscom.dll
0x00007ffe43eb0000 - 0x00007ffe43faa000 	C:\Windows\SYSTEM32\textinputframework.dll
0x00007ffe4ccd0000 - 0x00007ffe4d02e000 	C:\Windows\System32\CoreUIComponents.dll
0x00007ffe4d3b0000 - 0x00007ffe4d4a2000 	C:\Windows\System32\CoreMessaging.dll
0x00007ffe57fd0000 - 0x00007ffe58003000 	C:\Windows\SYSTEM32\ntmarta.dll
0x00007ffe524c0000 - 0x00007ffe52614000 	C:\Windows\SYSTEM32\wintypes.dll

dbghelp: loaded successfully - version: 4.0.5 - missing functions: none
symbol engine: initialized successfully - sym options: 0x614 - pdb path: .;C:\Program Files\Java\zulu19.32.15-ca-fx-jdk19.0.2-win_x64\bin;C:\Windows\SYSTEM32;C:\Windows\WinSxS\amd64_microsoft.windows.common-controls_6595b64144ccf1df_6.0.19041.1110_none_60b5254171f9507e;C:\Program Files\Java\zulu19.32.15-ca-fx-jdk19.0.2-win_x64\bin\server;C:\Program Files\JetBrains\IntelliJ IDEA Community Edition 2022.3.3\bin;C:\Windows\System32\DriverStore\FileRepository\iigd_dch.inf_amd64_51f685305808e3a5;C:\Program Files\Common Files\Microsoft Shared\Ink

VM Arguments:
jvm_args: -javaagent:C:\Program Files\JetBrains\IntelliJ IDEA Community Edition 2022.3.3\lib\idea_rt.jar=59644:C:\Program Files\JetBrains\IntelliJ IDEA Community Edition 2022.3.3\bin -Dfile.encoding=UTF-8 -Dsun.stdout.encoding=UTF-8 -Dsun.stderr.encoding=UTF-8 --module-path=C:\Users\HP\.m2\repository\org\openjfx\javafx-graphics\19\javafx-graphics-19-win.jar;C:\Users\HP\.m2\repository\org\openjfx\javafx-base\19\javafx-base-19-win.jar;C:\Users\HP\.m2\repository\org\openjfx\javafx-fxml\19\javafx-fxml-19-win.jar;C:\Users\HP\Downloads\javamail1_4_7\javamail-1.4.7\mail.jar;C:\Users\HP\.m2\repository\org\openjfx\javafx-controls\19\javafx-controls-19-win.jar;C:\Users\HP\AP_TeamProject\StudentInformationSystem\target\classes -Djdk.module.main=com.example.studentinformationsystem 
java_command: com.example.studentinformationsystem/com.example.studentinformationsystem.Home
java_class_path (initial): C:\Users\HP\.m2\repository\org\openjfx\javafx-controls\19\javafx-controls-19.jar;C:\Users\HP\.m2\repository\org\openjfx\javafx-graphics\19\javafx-graphics-19.jar;C:\Users\HP\.m2\repository\org\openjfx\javafx-base\19\javafx-base-19.jar;C:\Users\HP\.m2\repository\org\openjfx\javafx-fxml\19\javafx-fxml-19.jar;C:\Users\HP\Downloads\mysql-connector-j-8.0.33\mysql-connector-j-8.0.33.jar;C:\Users\HP\Downloads\jaf-1_1_1\jaf-1.1.1\activation.jar
Launcher Type: SUN_STANDARD

[Global flags]
     intx CICompilerCount                          = 3                                         {product} {ergonomic}
     uint ConcGCThreads                            = 1                                         {product} {ergonomic}
     uint G1ConcRefinementThreads                  = 4                                         {product} {ergonomic}
   size_t G1HeapRegionSize                         = 1048576                                   {product} {ergonomic}
    uintx GCDrainStackTargetSize                   = 64                                        {product} {ergonomic}
   size_t InitialHeapSize                          = 134217728                                 {product} {ergonomic}
   size_t MarkStackSize                            = 4194304                                   {product} {ergonomic}
   size_t MaxHeapSize                              = 2118123520                                {product} {ergonomic}
   size_t MaxNewSize                               = 1270874112                                {product} {ergonomic}
   size_t MinHeapDeltaBytes                        = 1048576                                   {product} {ergonomic}
   size_t MinHeapSize                              = 8388608                                   {product} {ergonomic}
    uintx NonNMethodCodeHeapSize                   = 5832780                                {pd product} {ergonomic}
    uintx NonProfiledCodeHeapSize                  = 122912730                              {pd product} {ergonomic}
    uintx ProfiledCodeHeapSize                     = 122912730                              {pd product} {ergonomic}
    uintx ReservedCodeCacheSize                    = 251658240                              {pd product} {ergonomic}
     bool SegmentedCodeCache                       = true                                      {product} {ergonomic}
   size_t SoftMaxHeapSize                          = 2118123520                             {manageable} {ergonomic}
     bool UseCompressedClassPointers               = true                           {product lp64_product} {ergonomic}
     bool UseCompressedOops                        = true                           {product lp64_product} {ergonomic}
     bool UseG1GC                                  = true                                      {product} {ergonomic}
     bool UseLargePagesIndividualAllocation        = false                                  {pd product} {ergonomic}

Logging:
Log output configuration:
 #0: stdout all=warning uptime,level,tags foldmultilines=false
 #1: stderr all=off uptime,level,tags foldmultilines=false

Environment Variables:
JAVA_HOME=C:\Program Files\Java\jdk-19\bin\bin
PATH=C:\Program Files\Git\cmd;C:\Program Files\Common Files\Oracle\Java\javapath;C:\Program Files\Java\jdk-19\bin;C:\Program Files\Python311;C:\Program Files\nodejs;C:\Program Files\Python311\Scripts;C:\Program Files\Java\javafx-sdk-19.0.2.1\bin;C:\Users\HP\SceneBuilder;C:\Program Files\PuTTY\;C:\Program Files\MySQL\MySQL Server 8.0\bin;C:\Program Files\dotnet\;C:\Windows\System32;C:\Users\HP\AppData\Local\Microsoft\WindowsApps;C:\Users\HP\AppData\Local\Programs\Microsoft VS Code\bin;C:\Users\HP\AppData\Roaming\npm;C:\Program Files\JetBrains\PyCharm Community Edition 2022.3.2\bin;;C:\Windows\System32;
USERNAME=HP
OS=Windows_NT
PROCESSOR_IDENTIFIER=Intel64 Family 6 Model 78 Stepping 3, GenuineIntel
TMP=C:\Users\HP\AppData\Local\Temp
TEMP=C:\Users\HP\AppData\Local\Temp



---------------  S Y S T E M  ---------------

OS:
 Windows 10 , 64 bit Build 19041 (10.0.19041.2913)
OS uptime: 0 days 10:53 hours

CPU: total 4 (initial active 4) (2 cores per cpu, 2 threads per core) family 6 model 78 stepping 3 microcode 0xcc, cx8, cmov, fxsr, ht, mmx, 3dnowpref, sse, sse2, sse3, ssse3, sse4.1, sse4.2, popcnt, lzcnt, tsc, tscinvbit, avx, avx2, aes, erms, clmul, bmi1, bmi2, rtm, adx, fma, vzeroupper, clflush, clflushopt, rdtscp

Memory: 4k page, system-wide physical 8072M (967M free)
TotalPageFile size 8072M (AvailPageFile size 5M)
current process WorkingSet (physical memory assigned to process): 131M, peak: 131M
current process commit charge ("private bytes"): 264M, peak: 270M

vm_info: OpenJDK 64-Bit Server VM (19.0.2+7) for windows-amd64 JRE (19.0.2+7) (Zulu19.32+15-CA), built on Dec 28 2022 19:25:40 by "zulu_re" with MS VC++ 16.10 / 16.11 (VS2019)

END.
